<?xml version="1.0" encoding="UTF-8"?>
<robot generator="Robot 3.2.2 (Python 3.9.0 on darwin)" generated="20210212 15:10:54.723" rpa="false">
<suite id="s1" name="BistroRestaurantCount" source="/Users/admin/PycharmProjects/pythonProject/Tests/Google/FunctionalTests/BistroRestaurantCount.robot">
<test id="s1-t1" name="Number of restaurants check">
<kw name="Open browser prerequisite">
<doc>The user search, Turn on 60 minutes filter</doc>
<kw name="Open Browser" library="Selenium2Library">
<doc>Opens a new browser instance to the optional ``url``.</doc>
<arguments>
<arg>${url}</arg>
<arg>${browser}</arg>
</arguments>
<msg timestamp="20210212 15:10:55.079" level="INFO">Opening browser 'chrome' to base url 'https://www.bistro.sk'.</msg>
<status status="PASS" starttime="20210212 15:10:55.078" endtime="20210212 15:11:00.671"></status>
</kw>
<kw name="Wait Until Page Contains" library="Selenium2Library">
<doc>Waits until ``text`` appears on the current page.</doc>
<arguments>
<arg>Bistro.sk</arg>
</arguments>
<status status="PASS" starttime="20210212 15:11:00.673" endtime="20210212 15:11:00.822"></status>
</kw>
<kw name="Click Element" library="Selenium2Library">
<doc>Click the element identified by ``locator``.</doc>
<arguments>
<arg>${accept_cookies}</arg>
</arguments>
<msg timestamp="20210212 15:11:00.823" level="INFO">Clicking element 'css:#aboutCookieUsageBox &gt; a.close.customClose'.</msg>
<status status="PASS" starttime="20210212 15:11:00.823" endtime="20210212 15:11:00.915"></status>
</kw>
<kw name="Input Text" library="Selenium2Library">
<doc>Types the given ``text`` into the text field identified by ``locator``.</doc>
<arguments>
<arg>${search_input}</arg>
<arg>${searched_city}</arg>
</arguments>
<msg timestamp="20210212 15:11:00.916" level="INFO">Typing text 'Zilina' into text field 'css:#header &gt; div &gt; div.searchBox.s-hp &gt; bistro-hp-search &gt; div &gt; div.autocomplete-search &gt; div &gt; input[type=text]'.</msg>
<status status="PASS" starttime="20210212 15:11:00.916" endtime="20210212 15:11:01.153"></status>
</kw>
<kw name="Wait Until Element Is Visible" library="Selenium2Library">
<doc>Waits until the element ``locator`` is visible.</doc>
<arguments>
<arg>css:#header &gt; div &gt; div.searchBox.s-hp &gt; bistro-hp-search &gt; div &gt; div.autocomplete-search &gt; div.location-results.autocomplete-results.location-results--scrollable</arg>
</arguments>
<status status="PASS" starttime="20210212 15:11:01.153" endtime="20210212 15:11:01.615"></status>
</kw>
<kw name="Click Element" library="Selenium2Library">
<doc>Click the element identified by ``locator``.</doc>
<arguments>
<arg>${city}</arg>
</arguments>
<msg timestamp="20210212 15:11:01.615" level="INFO">Clicking element 'css:#header &gt; div &gt; div.searchBox.s-hp &gt; bistro-hp-search &gt; div &gt; div.autocomplete-search &gt; div.location-results.autocomplete-results.location-results--scrollable &gt; div:nth-child(1)'.</msg>
<status status="PASS" starttime="20210212 15:11:01.615" endtime="20210212 15:11:05.743"></status>
</kw>
<kw name="Sleep" library="BuiltIn">
<doc>Pauses the test executed for the given time.</doc>
<arguments>
<arg>1s</arg>
</arguments>
<msg timestamp="20210212 15:11:06.746" level="INFO">Slept 1 second</msg>
<status status="PASS" starttime="20210212 15:11:05.744" endtime="20210212 15:11:06.746"></status>
</kw>
<status status="PASS" starttime="20210212 15:10:55.078" endtime="20210212 15:11:06.746"></status>
</kw>
<kw name="Get Text" library="Selenium2Library">
<doc>Returns the text value of the element identified by ``locator``.</doc>
<arguments>
<arg>${restaurants_count}</arg>
</arguments>
<assign>
<var>${count}</var>
</assign>
<msg timestamp="20210212 15:11:06.783" level="INFO">${count} = - 108 reštaurácií</msg>
<status status="PASS" starttime="20210212 15:11:06.747" endtime="20210212 15:11:06.783"></status>
</kw>
<kw name="Fetch From Right" library="String">
<doc>Returns contents of the ``string`` after the last occurrence of ``marker``.</doc>
<arguments>
<arg>${count}</arg>
<arg>-${space}</arg>
</arguments>
<assign>
<var>${fetchedString}</var>
</assign>
<msg timestamp="20210212 15:11:06.784" level="INFO">${fetchedString} = 108 reštaurácií</msg>
<status status="PASS" starttime="20210212 15:11:06.784" endtime="20210212 15:11:06.784"></status>
</kw>
<kw name="Fetch From Left" library="String">
<doc>Returns contents of the ``string`` before the first occurrence of ``marker``.</doc>
<arguments>
<arg>${fetchedString}</arg>
<arg>${space}</arg>
</arguments>
<assign>
<var>${fetchedString}</var>
</assign>
<msg timestamp="20210212 15:11:06.784" level="INFO">${fetchedString} = 108</msg>
<status status="PASS" starttime="20210212 15:11:06.784" endtime="20210212 15:11:06.785"></status>
</kw>
<kw name="Convert To Integer" library="BuiltIn">
<doc>Converts the given item to an integer number.</doc>
<arguments>
<arg>${fetchedString}</arg>
</arguments>
<assign>
<var>${result}</var>
</assign>
<msg timestamp="20210212 15:11:06.785" level="INFO">${result} = 108</msg>
<status status="PASS" starttime="20210212 15:11:06.785" endtime="20210212 15:11:06.785"></status>
</kw>
<kw name="Set Variable" library="BuiltIn">
<doc>Returns the given values which can then be assigned to a variables.</doc>
<arguments>
<arg>//div[@id="content"]/div[@class='listItems topPadded']//div[@class='row displayCustomHoverHint delivery_time']/strong</arg>
</arguments>
<assign>
<var>${xpath}</var>
</assign>
<msg timestamp="20210212 15:11:06.786" level="INFO">${xpath} = //div[@id="content"]/div[@class='listItems topPadded']//div[@class='row displayCustomHoverHint delivery_time']/strong</msg>
<status status="PASS" starttime="20210212 15:11:06.785" endtime="20210212 15:11:06.786"></status>
</kw>
<kw name="Get Element Count" library="Selenium2Library">
<doc>Returns the number of elements matching ``locator``.</doc>
<arguments>
<arg>${xpath}</arg>
</arguments>
<assign>
<var>${div_counts}</var>
</assign>
<msg timestamp="20210212 15:11:06.807" level="INFO">${div_counts} = 108</msg>
<status status="PASS" starttime="20210212 15:11:06.786" endtime="20210212 15:11:06.807"></status>
</kw>
<kw name="Run Keyword If" library="BuiltIn">
<doc>Runs the given keyword with the given arguments, if ``condition`` is true.</doc>
<arguments>
<arg>'${result}'!= '${div_counts}'</arg>
<arg>Fatal Error</arg>
<arg>Number of restaurants does not match number of divs. Number of divs =&gt; ${div_counts}, Should be ${result}</arg>
</arguments>
<status status="PASS" starttime="20210212 15:11:06.808" endtime="20210212 15:11:06.809"></status>
</kw>
<kw name="Close All Browsers" library="Selenium2Library">
<doc>Closes all open browsers and resets the browser cache.</doc>
<status status="PASS" starttime="20210212 15:11:06.809" endtime="20210212 15:11:06.985"></status>
</kw>
<status status="PASS" starttime="20210212 15:10:55.076" endtime="20210212 15:11:06.986" critical="yes"></status>
</test>
<doc>This is filter test in certain area</doc>
<status status="PASS" starttime="20210212 15:10:54.725" endtime="20210212 15:11:06.989"></status>
</suite>
<statistics>
<total>
<stat pass="1" fail="0">Critical Tests</stat>
<stat pass="1" fail="0">All Tests</stat>
</total>
<tag>
</tag>
<suite>
<stat pass="1" fail="0" id="s1" name="BistroRestaurantCount">BistroRestaurantCount</stat>
</suite>
</statistics>
<errors>
</errors>
</robot>
