<?xml version="1.0" encoding="UTF-8"?>
<robot generator="Robot 3.2.2 (Python 3.9.0 on darwin)" generated="20210216 16:04:47.489" rpa="false">
<suite id="s1" name="RestaurantDetail" source="/Users/admin/PycharmProjects/pythonProject/Tests/Bistro.sk/FunctionalTests/RestaurantDetail.robot">
<test id="s1-t1" name="60 minutes filter control">
<kw name="Open browser prerequisite">
<kw name="Open Browser" library="Selenium2Library">
<doc>Opens a new browser instance to the optional ``url``.</doc>
<arguments>
<arg>${url}</arg>
<arg>${browser}</arg>
</arguments>
<msg timestamp="20210216 16:04:47.915" level="INFO">Opening browser 'chrome' to base url 'https://www.bistro.sk'.</msg>
<status status="PASS" starttime="20210216 16:04:47.915" endtime="20210216 16:04:54.409"></status>
</kw>
<kw name="Wait Until Page Contains" library="Selenium2Library">
<doc>Waits until ``text`` appears on the current page.</doc>
<arguments>
<arg>Bistro.sk</arg>
</arguments>
<status status="PASS" starttime="20210216 16:04:54.410" endtime="20210216 16:04:54.437"></status>
</kw>
<kw name="Click Element" library="Selenium2Library">
<doc>Click the element identified by ``locator``.</doc>
<arguments>
<arg>${accept_cookies}</arg>
</arguments>
<msg timestamp="20210216 16:04:54.438" level="INFO">Clicking element 'css:#aboutCookieUsageBox &gt; a.close.customClose'.</msg>
<status status="PASS" starttime="20210216 16:04:54.437" endtime="20210216 16:04:54.520"></status>
</kw>
<kw name="Input Text" library="Selenium2Library">
<doc>Types the given ``text`` into the text field identified by ``locator``.</doc>
<arguments>
<arg>${search_input}</arg>
<arg>${searched_city}</arg>
</arguments>
<msg timestamp="20210216 16:04:54.521" level="INFO">Typing text 'Zilina' into text field 'css:#header &gt; div &gt; div.searchBox.s-hp &gt; bistro-hp-search &gt; div &gt; div.autocomplete-search &gt; div &gt; input[type=text]'.</msg>
<status status="PASS" starttime="20210216 16:04:54.520" endtime="20210216 16:04:54.960"></status>
</kw>
<kw name="Wait Until Element Is Visible" library="Selenium2Library">
<doc>Waits until the element ``locator`` is visible.</doc>
<arguments>
<arg>css:#header &gt; div &gt; div.searchBox.s-hp &gt; bistro-hp-search &gt; div &gt; div.autocomplete-search &gt; div.location-results.autocomplete-results.location-results--scrollable</arg>
</arguments>
<status status="PASS" starttime="20210216 16:04:54.960" endtime="20210216 16:04:55.435"></status>
</kw>
<kw name="Click Element" library="Selenium2Library">
<doc>Click the element identified by ``locator``.</doc>
<arguments>
<arg>${city}</arg>
</arguments>
<msg timestamp="20210216 16:04:55.436" level="INFO">Clicking element 'css:#header &gt; div &gt; div.searchBox.s-hp &gt; bistro-hp-search &gt; div &gt; div.autocomplete-search &gt; div.location-results.autocomplete-results.location-results--scrollable &gt; div:nth-child(1)'.</msg>
<status status="PASS" starttime="20210216 16:04:55.436" endtime="20210216 16:04:58.397"></status>
</kw>
<kw name="Sleep" library="BuiltIn">
<doc>Pauses the test executed for the given time.</doc>
<arguments>
<arg>1s</arg>
</arguments>
<msg timestamp="20210216 16:04:59.398" level="INFO">Slept 1 second</msg>
<status status="PASS" starttime="20210216 16:04:58.397" endtime="20210216 16:04:59.398"></status>
</kw>
<status status="PASS" starttime="20210216 16:04:47.914" endtime="20210216 16:04:59.399"></status>
</kw>
<kw name="Click Element" library="Selenium2Library">
<doc>Click the element identified by ``locator``.</doc>
<arguments>
<arg>${60_minutes_filter}</arg>
</arguments>
<msg timestamp="20210216 16:04:59.400" level="INFO">Clicking element 'id:deliveryFilterButton'.</msg>
<status status="PASS" starttime="20210216 16:04:59.400" endtime="20210216 16:05:01.140"></status>
</kw>
<kw name="Set Variable" library="BuiltIn">
<doc>Returns the given values which can then be assigned to a variables.</doc>
<arguments>
<arg>//div[@id="content"]/div[@class='listItems topPadded']//div[@class='row displayCustomHoverHint delivery_time']/strong</arg>
</arguments>
<assign>
<var>${xpath}</var>
</assign>
<msg timestamp="20210216 16:05:01.140" level="INFO">${xpath} = //div[@id="content"]/div[@class='listItems topPadded']//div[@class='row displayCustomHoverHint delivery_time']/strong</msg>
<status status="PASS" starttime="20210216 16:05:01.140" endtime="20210216 16:05:01.140"></status>
</kw>
<kw name="Get Element Count" library="Selenium2Library">
<doc>Returns the number of elements matching ``locator``.</doc>
<arguments>
<arg>${xpath}</arg>
</arguments>
<assign>
<var>${count}</var>
</assign>
<msg timestamp="20210216 16:05:01.168" level="INFO">${count} = 60</msg>
<status status="PASS" starttime="20210216 16:05:01.141" endtime="20210216 16:05:01.169"></status>
</kw>
<kw name="Log To Console" library="BuiltIn">
<doc>Logs the given message to the console.</doc>
<arguments>
<arg>\nNumber of controlled items ${count}</arg>
</arguments>
<status status="PASS" starttime="20210216 16:05:01.170" endtime="20210216 16:05:01.171"></status>
</kw>
<kw name="Create List" library="BuiltIn">
<doc>Returns a list containing given items.</doc>
<assign>
<var>${minutes}</var>
</assign>
<msg timestamp="20210216 16:05:01.172" level="INFO">${minutes} = []</msg>
<status status="PASS" starttime="20210216 16:05:01.171" endtime="20210216 16:05:01.172"></status>
</kw>
<kw name="${i} IN RANGE [ 1 | ${count} + 1 ]" type="for">
<kw name="${i} = 1" type="foritem">
<kw name="Get Text" library="Selenium2Library">
<doc>Returns the text value of the element identified by ``locator``.</doc>
<arguments>
<arg>xpath=(${xpath})[${i}]</arg>
</arguments>
<assign>
<var>${minute}</var>
</assign>
<msg timestamp="20210216 16:05:01.235" level="INFO">${minute} = 10 - 20 min.</msg>
<status status="PASS" starttime="20210216 16:05:01.173" endtime="20210216 16:05:01.235"></status>
</kw>
<kw name="Fetch From Left" library="String">
<doc>Returns contents of the ``string`` before the first occurrence of ``marker``.</doc>
<arguments>
<arg>${minute}</arg>
<arg>${space}-</arg>
</arguments>
<assign>
<var>${fetchedString}</var>
</assign>
<msg timestamp="20210216 16:05:01.238" level="INFO">${fetchedString} = 10</msg>
<status status="PASS" starttime="20210216 16:05:01.236" endtime="20210216 16:05:01.238"></status>
</kw>
<kw name="Run Keyword If" library="BuiltIn">
<doc>Runs the given keyword with the given arguments, if ``condition`` is true.</doc>
<arguments>
<arg>'${fetchedString}'!= '--'</arg>
<arg>Append To List</arg>
<arg>${minutes}</arg>
<arg>${fetchedString}</arg>
</arguments>
<kw name="Append To List" library="Collections">
<doc>Adds ``values`` to the end of ``list``.</doc>
<arguments>
<arg>${minutes}</arg>
<arg>${fetchedString}</arg>
</arguments>
<status status="PASS" starttime="20210216 16:05:01.240" endtime="20210216 16:05:01.240"></status>
</kw>
<status status="PASS" starttime="20210216 16:05:01.239" endtime="20210216 16:05:01.240"></status>
</kw>
<status status="PASS" starttime="20210216 16:05:01.173" endtime="20210216 16:05:01.240"></status>
</kw>
<kw name="${i} = 2" type="foritem">
<kw name="Get Text" library="Selenium2Library">
<doc>Returns the text value of the element identified by ``locator``.</doc>
<arguments>
<arg>xpath=(${xpath})[${i}]</arg>
</arguments>
<assign>
<var>${minute}</var>
</assign>
<msg timestamp="20210216 16:05:01.268" level="INFO">${minute} = 25 - 35 min.</msg>
<status status="PASS" starttime="20210216 16:05:01.241" endtime="20210216 16:05:01.268"></status>
</kw>
<kw name="Fetch From Left" library="String">
<doc>Returns contents of the ``string`` before the first occurrence of ``marker``.</doc>
<arguments>
<arg>${minute}</arg>
<arg>${space}-</arg>
</arguments>
<assign>
<var>${fetchedString}</var>
</assign>
<msg timestamp="20210216 16:05:01.268" level="INFO">${fetchedString} = 25</msg>
<status status="PASS" starttime="20210216 16:05:01.268" endtime="20210216 16:05:01.268"></status>
</kw>
<kw name="Run Keyword If" library="BuiltIn">
<doc>Runs the given keyword with the given arguments, if ``condition`` is true.</doc>
<arguments>
<arg>'${fetchedString}'!= '--'</arg>
<arg>Append To List</arg>
<arg>${minutes}</arg>
<arg>${fetchedString}</arg>
</arguments>
<kw name="Append To List" library="Collections">
<doc>Adds ``values`` to the end of ``list``.</doc>
<arguments>
<arg>${minutes}</arg>
<arg>${fetchedString}</arg>
</arguments>
<status status="PASS" starttime="20210216 16:05:01.269" endtime="20210216 16:05:01.270"></status>
</kw>
<status status="PASS" starttime="20210216 16:05:01.269" endtime="20210216 16:05:01.270"></status>
</kw>
<status status="PASS" starttime="20210216 16:05:01.241" endtime="20210216 16:05:01.270"></status>
</kw>
<kw name="${i} = 3" type="foritem">
<kw name="Get Text" library="Selenium2Library">
<doc>Returns the text value of the element identified by ``locator``.</doc>
<arguments>
<arg>xpath=(${xpath})[${i}]</arg>
</arguments>
<assign>
<var>${minute}</var>
</assign>
<msg timestamp="20210216 16:05:01.306" level="INFO">${minute} = 40 - 50 min.</msg>
<status status="PASS" starttime="20210216 16:05:01.270" endtime="20210216 16:05:01.306"></status>
</kw>
<kw name="Fetch From Left" library="String">
<doc>Returns contents of the ``string`` before the first occurrence of ``marker``.</doc>
<arguments>
<arg>${minute}</arg>
<arg>${space}-</arg>
</arguments>
<assign>
<var>${fetchedString}</var>
</assign>
<msg timestamp="20210216 16:05:01.307" level="INFO">${fetchedString} = 40</msg>
<status status="PASS" starttime="20210216 16:05:01.306" endtime="20210216 16:05:01.307"></status>
</kw>
<kw name="Run Keyword If" library="BuiltIn">
<doc>Runs the given keyword with the given arguments, if ``condition`` is true.</doc>
<arguments>
<arg>'${fetchedString}'!= '--'</arg>
<arg>Append To List</arg>
<arg>${minutes}</arg>
<arg>${fetchedString}</arg>
</arguments>
<kw name="Append To List" library="Collections">
<doc>Adds ``values`` to the end of ``list``.</doc>
<arguments>
<arg>${minutes}</arg>
<arg>${fetchedString}</arg>
</arguments>
<status status="PASS" starttime="20210216 16:05:01.307" endtime="20210216 16:05:01.307"></status>
</kw>
<status status="PASS" starttime="20210216 16:05:01.307" endtime="20210216 16:05:01.308"></status>
</kw>
<status status="PASS" starttime="20210216 16:05:01.270" endtime="20210216 16:05:01.308"></status>
</kw>
<kw name="${i} = 4" type="foritem">
<kw name="Get Text" library="Selenium2Library">
<doc>Returns the text value of the element identified by ``locator``.</doc>
<arguments>
<arg>xpath=(${xpath})[${i}]</arg>
</arguments>
<assign>
<var>${minute}</var>
</assign>
<msg timestamp="20210216 16:05:01.341" level="INFO">${minute} = 40 - 50 min.</msg>
<status status="PASS" starttime="20210216 16:05:01.308" endtime="20210216 16:05:01.341"></status>
</kw>
<kw name="Fetch From Left" library="String">
<doc>Returns contents of the ``string`` before the first occurrence of ``marker``.</doc>
<arguments>
<arg>${minute}</arg>
<arg>${space}-</arg>
</arguments>
<assign>
<var>${fetchedString}</var>
</assign>
<msg timestamp="20210216 16:05:01.342" level="INFO">${fetchedString} = 40</msg>
<status status="PASS" starttime="20210216 16:05:01.341" endtime="20210216 16:05:01.342"></status>
</kw>
<kw name="Run Keyword If" library="BuiltIn">
<doc>Runs the given keyword with the given arguments, if ``condition`` is true.</doc>
<arguments>
<arg>'${fetchedString}'!= '--'</arg>
<arg>Append To List</arg>
<arg>${minutes}</arg>
<arg>${fetchedString}</arg>
</arguments>
<kw name="Append To List" library="Collections">
<doc>Adds ``values`` to the end of ``list``.</doc>
<arguments>
<arg>${minutes}</arg>
<arg>${fetchedString}</arg>
</arguments>
<status status="PASS" starttime="20210216 16:05:01.343" endtime="20210216 16:05:01.343"></status>
</kw>
<status status="PASS" starttime="20210216 16:05:01.342" endtime="20210216 16:05:01.343"></status>
</kw>
<status status="PASS" starttime="20210216 16:05:01.308" endtime="20210216 16:05:01.343"></status>
</kw>
<kw name="${i} = 5" type="foritem">
<kw name="Get Text" library="Selenium2Library">
<doc>Returns the text value of the element identified by ``locator``.</doc>
<arguments>
<arg>xpath=(${xpath})[${i}]</arg>
</arguments>
<assign>
<var>${minute}</var>
</assign>
<msg timestamp="20210216 16:05:01.375" level="INFO">${minute} = 40 - 50 min.</msg>
<status status="PASS" starttime="20210216 16:05:01.343" endtime="20210216 16:05:01.375"></status>
</kw>
<kw name="Fetch From Left" library="String">
<doc>Returns contents of the ``string`` before the first occurrence of ``marker``.</doc>
<arguments>
<arg>${minute}</arg>
<arg>${space}-</arg>
</arguments>
<assign>
<var>${fetchedString}</var>
</assign>
<msg timestamp="20210216 16:05:01.376" level="INFO">${fetchedString} = 40</msg>
<status status="PASS" starttime="20210216 16:05:01.375" endtime="20210216 16:05:01.376"></status>
</kw>
<kw name="Run Keyword If" library="BuiltIn">
<doc>Runs the given keyword with the given arguments, if ``condition`` is true.</doc>
<arguments>
<arg>'${fetchedString}'!= '--'</arg>
<arg>Append To List</arg>
<arg>${minutes}</arg>
<arg>${fetchedString}</arg>
</arguments>
<kw name="Append To List" library="Collections">
<doc>Adds ``values`` to the end of ``list``.</doc>
<arguments>
<arg>${minutes}</arg>
<arg>${fetchedString}</arg>
</arguments>
<status status="PASS" starttime="20210216 16:05:01.376" endtime="20210216 16:05:01.377"></status>
</kw>
<status status="PASS" starttime="20210216 16:05:01.376" endtime="20210216 16:05:01.377"></status>
</kw>
<status status="PASS" starttime="20210216 16:05:01.343" endtime="20210216 16:05:01.377"></status>
</kw>
<kw name="${i} = 6" type="foritem">
<kw name="Get Text" library="Selenium2Library">
<doc>Returns the text value of the element identified by ``locator``.</doc>
<arguments>
<arg>xpath=(${xpath})[${i}]</arg>
</arguments>
<assign>
<var>${minute}</var>
</assign>
<msg timestamp="20210216 16:05:01.403" level="INFO">${minute} = 40 - 50 min.</msg>
<status status="PASS" starttime="20210216 16:05:01.377" endtime="20210216 16:05:01.404"></status>
</kw>
<kw name="Fetch From Left" library="String">
<doc>Returns contents of the ``string`` before the first occurrence of ``marker``.</doc>
<arguments>
<arg>${minute}</arg>
<arg>${space}-</arg>
</arguments>
<assign>
<var>${fetchedString}</var>
</assign>
<msg timestamp="20210216 16:05:01.405" level="INFO">${fetchedString} = 40</msg>
<status status="PASS" starttime="20210216 16:05:01.404" endtime="20210216 16:05:01.405"></status>
</kw>
<kw name="Run Keyword If" library="BuiltIn">
<doc>Runs the given keyword with the given arguments, if ``condition`` is true.</doc>
<arguments>
<arg>'${fetchedString}'!= '--'</arg>
<arg>Append To List</arg>
<arg>${minutes}</arg>
<arg>${fetchedString}</arg>
</arguments>
<kw name="Append To List" library="Collections">
<doc>Adds ``values`` to the end of ``list``.</doc>
<arguments>
<arg>${minutes}</arg>
<arg>${fetchedString}</arg>
</arguments>
<status status="PASS" starttime="20210216 16:05:01.407" endtime="20210216 16:05:01.408"></status>
</kw>
<status status="PASS" starttime="20210216 16:05:01.406" endtime="20210216 16:05:01.408"></status>
</kw>
<status status="PASS" starttime="20210216 16:05:01.377" endtime="20210216 16:05:01.408"></status>
</kw>
<kw name="${i} = 7" type="foritem">
<kw name="Get Text" library="Selenium2Library">
<doc>Returns the text value of the element identified by ``locator``.</doc>
<arguments>
<arg>xpath=(${xpath})[${i}]</arg>
</arguments>
<assign>
<var>${minute}</var>
</assign>
<msg timestamp="20210216 16:05:01.433" level="INFO">${minute} = 40 - 50 min.</msg>
<status status="PASS" starttime="20210216 16:05:01.408" endtime="20210216 16:05:01.433"></status>
</kw>
<kw name="Fetch From Left" library="String">
<doc>Returns contents of the ``string`` before the first occurrence of ``marker``.</doc>
<arguments>
<arg>${minute}</arg>
<arg>${space}-</arg>
</arguments>
<assign>
<var>${fetchedString}</var>
</assign>
<msg timestamp="20210216 16:05:01.434" level="INFO">${fetchedString} = 40</msg>
<status status="PASS" starttime="20210216 16:05:01.434" endtime="20210216 16:05:01.434"></status>
</kw>
<kw name="Run Keyword If" library="BuiltIn">
<doc>Runs the given keyword with the given arguments, if ``condition`` is true.</doc>
<arguments>
<arg>'${fetchedString}'!= '--'</arg>
<arg>Append To List</arg>
<arg>${minutes}</arg>
<arg>${fetchedString}</arg>
</arguments>
<kw name="Append To List" library="Collections">
<doc>Adds ``values`` to the end of ``list``.</doc>
<arguments>
<arg>${minutes}</arg>
<arg>${fetchedString}</arg>
</arguments>
<status status="PASS" starttime="20210216 16:05:01.435" endtime="20210216 16:05:01.435"></status>
</kw>
<status status="PASS" starttime="20210216 16:05:01.434" endtime="20210216 16:05:01.436"></status>
</kw>
<status status="PASS" starttime="20210216 16:05:01.408" endtime="20210216 16:05:01.436"></status>
</kw>
<kw name="${i} = 8" type="foritem">
<kw name="Get Text" library="Selenium2Library">
<doc>Returns the text value of the element identified by ``locator``.</doc>
<arguments>
<arg>xpath=(${xpath})[${i}]</arg>
</arguments>
<assign>
<var>${minute}</var>
</assign>
<msg timestamp="20210216 16:05:01.463" level="INFO">${minute} = 40 - 50 min.</msg>
<status status="PASS" starttime="20210216 16:05:01.436" endtime="20210216 16:05:01.463"></status>
</kw>
<kw name="Fetch From Left" library="String">
<doc>Returns contents of the ``string`` before the first occurrence of ``marker``.</doc>
<arguments>
<arg>${minute}</arg>
<arg>${space}-</arg>
</arguments>
<assign>
<var>${fetchedString}</var>
</assign>
<msg timestamp="20210216 16:05:01.464" level="INFO">${fetchedString} = 40</msg>
<status status="PASS" starttime="20210216 16:05:01.463" endtime="20210216 16:05:01.464"></status>
</kw>
<kw name="Run Keyword If" library="BuiltIn">
<doc>Runs the given keyword with the given arguments, if ``condition`` is true.</doc>
<arguments>
<arg>'${fetchedString}'!= '--'</arg>
<arg>Append To List</arg>
<arg>${minutes}</arg>
<arg>${fetchedString}</arg>
</arguments>
<kw name="Append To List" library="Collections">
<doc>Adds ``values`` to the end of ``list``.</doc>
<arguments>
<arg>${minutes}</arg>
<arg>${fetchedString}</arg>
</arguments>
<status status="PASS" starttime="20210216 16:05:01.465" endtime="20210216 16:05:01.465"></status>
</kw>
<status status="PASS" starttime="20210216 16:05:01.464" endtime="20210216 16:05:01.465"></status>
</kw>
<status status="PASS" starttime="20210216 16:05:01.436" endtime="20210216 16:05:01.465"></status>
</kw>
<kw name="${i} = 9" type="foritem">
<kw name="Get Text" library="Selenium2Library">
<doc>Returns the text value of the element identified by ``locator``.</doc>
<arguments>
<arg>xpath=(${xpath})[${i}]</arg>
</arguments>
<assign>
<var>${minute}</var>
</assign>
<msg timestamp="20210216 16:05:01.492" level="INFO">${minute} = 40 - 50 min.</msg>
<status status="PASS" starttime="20210216 16:05:01.466" endtime="20210216 16:05:01.492"></status>
</kw>
<kw name="Fetch From Left" library="String">
<doc>Returns contents of the ``string`` before the first occurrence of ``marker``.</doc>
<arguments>
<arg>${minute}</arg>
<arg>${space}-</arg>
</arguments>
<assign>
<var>${fetchedString}</var>
</assign>
<msg timestamp="20210216 16:05:01.492" level="INFO">${fetchedString} = 40</msg>
<status status="PASS" starttime="20210216 16:05:01.492" endtime="20210216 16:05:01.492"></status>
</kw>
<kw name="Run Keyword If" library="BuiltIn">
<doc>Runs the given keyword with the given arguments, if ``condition`` is true.</doc>
<arguments>
<arg>'${fetchedString}'!= '--'</arg>
<arg>Append To List</arg>
<arg>${minutes}</arg>
<arg>${fetchedString}</arg>
</arguments>
<kw name="Append To List" library="Collections">
<doc>Adds ``values`` to the end of ``list``.</doc>
<arguments>
<arg>${minutes}</arg>
<arg>${fetchedString}</arg>
</arguments>
<status status="PASS" starttime="20210216 16:05:01.493" endtime="20210216 16:05:01.493"></status>
</kw>
<status status="PASS" starttime="20210216 16:05:01.493" endtime="20210216 16:05:01.493"></status>
</kw>
<status status="PASS" starttime="20210216 16:05:01.465" endtime="20210216 16:05:01.493"></status>
</kw>
<kw name="${i} = 10" type="foritem">
<kw name="Get Text" library="Selenium2Library">
<doc>Returns the text value of the element identified by ``locator``.</doc>
<arguments>
<arg>xpath=(${xpath})[${i}]</arg>
</arguments>
<assign>
<var>${minute}</var>
</assign>
<msg timestamp="20210216 16:05:01.521" level="INFO">${minute} = 40 - 50 min.</msg>
<status status="PASS" starttime="20210216 16:05:01.494" endtime="20210216 16:05:01.522"></status>
</kw>
<kw name="Fetch From Left" library="String">
<doc>Returns contents of the ``string`` before the first occurrence of ``marker``.</doc>
<arguments>
<arg>${minute}</arg>
<arg>${space}-</arg>
</arguments>
<assign>
<var>${fetchedString}</var>
</assign>
<msg timestamp="20210216 16:05:01.522" level="INFO">${fetchedString} = 40</msg>
<status status="PASS" starttime="20210216 16:05:01.522" endtime="20210216 16:05:01.522"></status>
</kw>
<kw name="Run Keyword If" library="BuiltIn">
<doc>Runs the given keyword with the given arguments, if ``condition`` is true.</doc>
<arguments>
<arg>'${fetchedString}'!= '--'</arg>
<arg>Append To List</arg>
<arg>${minutes}</arg>
<arg>${fetchedString}</arg>
</arguments>
<kw name="Append To List" library="Collections">
<doc>Adds ``values`` to the end of ``list``.</doc>
<arguments>
<arg>${minutes}</arg>
<arg>${fetchedString}</arg>
</arguments>
<status status="PASS" starttime="20210216 16:05:01.523" endtime="20210216 16:05:01.523"></status>
</kw>
<status status="PASS" starttime="20210216 16:05:01.522" endtime="20210216 16:05:01.523"></status>
</kw>
<status status="PASS" starttime="20210216 16:05:01.493" endtime="20210216 16:05:01.523"></status>
</kw>
<kw name="${i} = 11" type="foritem">
<kw name="Get Text" library="Selenium2Library">
<doc>Returns the text value of the element identified by ``locator``.</doc>
<arguments>
<arg>xpath=(${xpath})[${i}]</arg>
</arguments>
<assign>
<var>${minute}</var>
</assign>
<msg timestamp="20210216 16:05:01.552" level="INFO">${minute} = 40 - 50 min.</msg>
<status status="PASS" starttime="20210216 16:05:01.524" endtime="20210216 16:05:01.552"></status>
</kw>
<kw name="Fetch From Left" library="String">
<doc>Returns contents of the ``string`` before the first occurrence of ``marker``.</doc>
<arguments>
<arg>${minute}</arg>
<arg>${space}-</arg>
</arguments>
<assign>
<var>${fetchedString}</var>
</assign>
<msg timestamp="20210216 16:05:01.553" level="INFO">${fetchedString} = 40</msg>
<status status="PASS" starttime="20210216 16:05:01.552" endtime="20210216 16:05:01.553"></status>
</kw>
<kw name="Run Keyword If" library="BuiltIn">
<doc>Runs the given keyword with the given arguments, if ``condition`` is true.</doc>
<arguments>
<arg>'${fetchedString}'!= '--'</arg>
<arg>Append To List</arg>
<arg>${minutes}</arg>
<arg>${fetchedString}</arg>
</arguments>
<kw name="Append To List" library="Collections">
<doc>Adds ``values`` to the end of ``list``.</doc>
<arguments>
<arg>${minutes}</arg>
<arg>${fetchedString}</arg>
</arguments>
<status status="PASS" starttime="20210216 16:05:01.553" endtime="20210216 16:05:01.554"></status>
</kw>
<status status="PASS" starttime="20210216 16:05:01.553" endtime="20210216 16:05:01.554"></status>
</kw>
<status status="PASS" starttime="20210216 16:05:01.523" endtime="20210216 16:05:01.554"></status>
</kw>
<kw name="${i} = 12" type="foritem">
<kw name="Get Text" library="Selenium2Library">
<doc>Returns the text value of the element identified by ``locator``.</doc>
<arguments>
<arg>xpath=(${xpath})[${i}]</arg>
</arguments>
<assign>
<var>${minute}</var>
</assign>
<msg timestamp="20210216 16:05:01.578" level="INFO">${minute} = 40 - 50 min.</msg>
<status status="PASS" starttime="20210216 16:05:01.554" endtime="20210216 16:05:01.578"></status>
</kw>
<kw name="Fetch From Left" library="String">
<doc>Returns contents of the ``string`` before the first occurrence of ``marker``.</doc>
<arguments>
<arg>${minute}</arg>
<arg>${space}-</arg>
</arguments>
<assign>
<var>${fetchedString}</var>
</assign>
<msg timestamp="20210216 16:05:01.579" level="INFO">${fetchedString} = 40</msg>
<status status="PASS" starttime="20210216 16:05:01.579" endtime="20210216 16:05:01.579"></status>
</kw>
<kw name="Run Keyword If" library="BuiltIn">
<doc>Runs the given keyword with the given arguments, if ``condition`` is true.</doc>
<arguments>
<arg>'${fetchedString}'!= '--'</arg>
<arg>Append To List</arg>
<arg>${minutes}</arg>
<arg>${fetchedString}</arg>
</arguments>
<kw name="Append To List" library="Collections">
<doc>Adds ``values`` to the end of ``list``.</doc>
<arguments>
<arg>${minutes}</arg>
<arg>${fetchedString}</arg>
</arguments>
<status status="PASS" starttime="20210216 16:05:01.580" endtime="20210216 16:05:01.580"></status>
</kw>
<status status="PASS" starttime="20210216 16:05:01.580" endtime="20210216 16:05:01.580"></status>
</kw>
<status status="PASS" starttime="20210216 16:05:01.554" endtime="20210216 16:05:01.581"></status>
</kw>
<kw name="${i} = 13" type="foritem">
<kw name="Get Text" library="Selenium2Library">
<doc>Returns the text value of the element identified by ``locator``.</doc>
<arguments>
<arg>xpath=(${xpath})[${i}]</arg>
</arguments>
<assign>
<var>${minute}</var>
</assign>
<msg timestamp="20210216 16:05:01.608" level="INFO">${minute} = 40 - 50 min.</msg>
<status status="PASS" starttime="20210216 16:05:01.581" endtime="20210216 16:05:01.608"></status>
</kw>
<kw name="Fetch From Left" library="String">
<doc>Returns contents of the ``string`` before the first occurrence of ``marker``.</doc>
<arguments>
<arg>${minute}</arg>
<arg>${space}-</arg>
</arguments>
<assign>
<var>${fetchedString}</var>
</assign>
<msg timestamp="20210216 16:05:01.609" level="INFO">${fetchedString} = 40</msg>
<status status="PASS" starttime="20210216 16:05:01.609" endtime="20210216 16:05:01.609"></status>
</kw>
<kw name="Run Keyword If" library="BuiltIn">
<doc>Runs the given keyword with the given arguments, if ``condition`` is true.</doc>
<arguments>
<arg>'${fetchedString}'!= '--'</arg>
<arg>Append To List</arg>
<arg>${minutes}</arg>
<arg>${fetchedString}</arg>
</arguments>
<kw name="Append To List" library="Collections">
<doc>Adds ``values`` to the end of ``list``.</doc>
<arguments>
<arg>${minutes}</arg>
<arg>${fetchedString}</arg>
</arguments>
<status status="PASS" starttime="20210216 16:05:01.610" endtime="20210216 16:05:01.610"></status>
</kw>
<status status="PASS" starttime="20210216 16:05:01.609" endtime="20210216 16:05:01.610"></status>
</kw>
<status status="PASS" starttime="20210216 16:05:01.581" endtime="20210216 16:05:01.610"></status>
</kw>
<kw name="${i} = 14" type="foritem">
<kw name="Get Text" library="Selenium2Library">
<doc>Returns the text value of the element identified by ``locator``.</doc>
<arguments>
<arg>xpath=(${xpath})[${i}]</arg>
</arguments>
<assign>
<var>${minute}</var>
</assign>
<msg timestamp="20210216 16:05:01.635" level="INFO">${minute} = 40 - 50 min.</msg>
<status status="PASS" starttime="20210216 16:05:01.610" endtime="20210216 16:05:01.635"></status>
</kw>
<kw name="Fetch From Left" library="String">
<doc>Returns contents of the ``string`` before the first occurrence of ``marker``.</doc>
<arguments>
<arg>${minute}</arg>
<arg>${space}-</arg>
</arguments>
<assign>
<var>${fetchedString}</var>
</assign>
<msg timestamp="20210216 16:05:01.636" level="INFO">${fetchedString} = 40</msg>
<status status="PASS" starttime="20210216 16:05:01.635" endtime="20210216 16:05:01.636"></status>
</kw>
<kw name="Run Keyword If" library="BuiltIn">
<doc>Runs the given keyword with the given arguments, if ``condition`` is true.</doc>
<arguments>
<arg>'${fetchedString}'!= '--'</arg>
<arg>Append To List</arg>
<arg>${minutes}</arg>
<arg>${fetchedString}</arg>
</arguments>
<kw name="Append To List" library="Collections">
<doc>Adds ``values`` to the end of ``list``.</doc>
<arguments>
<arg>${minutes}</arg>
<arg>${fetchedString}</arg>
</arguments>
<status status="PASS" starttime="20210216 16:05:01.637" endtime="20210216 16:05:01.637"></status>
</kw>
<status status="PASS" starttime="20210216 16:05:01.636" endtime="20210216 16:05:01.637"></status>
</kw>
<status status="PASS" starttime="20210216 16:05:01.610" endtime="20210216 16:05:01.637"></status>
</kw>
<kw name="${i} = 15" type="foritem">
<kw name="Get Text" library="Selenium2Library">
<doc>Returns the text value of the element identified by ``locator``.</doc>
<arguments>
<arg>xpath=(${xpath})[${i}]</arg>
</arguments>
<assign>
<var>${minute}</var>
</assign>
<msg timestamp="20210216 16:05:01.662" level="INFO">${minute} = 40 - 50 min.</msg>
<status status="PASS" starttime="20210216 16:05:01.637" endtime="20210216 16:05:01.662"></status>
</kw>
<kw name="Fetch From Left" library="String">
<doc>Returns contents of the ``string`` before the first occurrence of ``marker``.</doc>
<arguments>
<arg>${minute}</arg>
<arg>${space}-</arg>
</arguments>
<assign>
<var>${fetchedString}</var>
</assign>
<msg timestamp="20210216 16:05:01.663" level="INFO">${fetchedString} = 40</msg>
<status status="PASS" starttime="20210216 16:05:01.662" endtime="20210216 16:05:01.663"></status>
</kw>
<kw name="Run Keyword If" library="BuiltIn">
<doc>Runs the given keyword with the given arguments, if ``condition`` is true.</doc>
<arguments>
<arg>'${fetchedString}'!= '--'</arg>
<arg>Append To List</arg>
<arg>${minutes}</arg>
<arg>${fetchedString}</arg>
</arguments>
<kw name="Append To List" library="Collections">
<doc>Adds ``values`` to the end of ``list``.</doc>
<arguments>
<arg>${minutes}</arg>
<arg>${fetchedString}</arg>
</arguments>
<status status="PASS" starttime="20210216 16:05:01.663" endtime="20210216 16:05:01.663"></status>
</kw>
<status status="PASS" starttime="20210216 16:05:01.663" endtime="20210216 16:05:01.664"></status>
</kw>
<status status="PASS" starttime="20210216 16:05:01.637" endtime="20210216 16:05:01.664"></status>
</kw>
<kw name="${i} = 16" type="foritem">
<kw name="Get Text" library="Selenium2Library">
<doc>Returns the text value of the element identified by ``locator``.</doc>
<arguments>
<arg>xpath=(${xpath})[${i}]</arg>
</arguments>
<assign>
<var>${minute}</var>
</assign>
<msg timestamp="20210216 16:05:01.689" level="INFO">${minute} = 40 - 50 min.</msg>
<status status="PASS" starttime="20210216 16:05:01.664" endtime="20210216 16:05:01.689"></status>
</kw>
<kw name="Fetch From Left" library="String">
<doc>Returns contents of the ``string`` before the first occurrence of ``marker``.</doc>
<arguments>
<arg>${minute}</arg>
<arg>${space}-</arg>
</arguments>
<assign>
<var>${fetchedString}</var>
</assign>
<msg timestamp="20210216 16:05:01.689" level="INFO">${fetchedString} = 40</msg>
<status status="PASS" starttime="20210216 16:05:01.689" endtime="20210216 16:05:01.689"></status>
</kw>
<kw name="Run Keyword If" library="BuiltIn">
<doc>Runs the given keyword with the given arguments, if ``condition`` is true.</doc>
<arguments>
<arg>'${fetchedString}'!= '--'</arg>
<arg>Append To List</arg>
<arg>${minutes}</arg>
<arg>${fetchedString}</arg>
</arguments>
<kw name="Append To List" library="Collections">
<doc>Adds ``values`` to the end of ``list``.</doc>
<arguments>
<arg>${minutes}</arg>
<arg>${fetchedString}</arg>
</arguments>
<status status="PASS" starttime="20210216 16:05:01.690" endtime="20210216 16:05:01.690"></status>
</kw>
<status status="PASS" starttime="20210216 16:05:01.689" endtime="20210216 16:05:01.691"></status>
</kw>
<status status="PASS" starttime="20210216 16:05:01.664" endtime="20210216 16:05:01.691"></status>
</kw>
<kw name="${i} = 17" type="foritem">
<kw name="Get Text" library="Selenium2Library">
<doc>Returns the text value of the element identified by ``locator``.</doc>
<arguments>
<arg>xpath=(${xpath})[${i}]</arg>
</arguments>
<assign>
<var>${minute}</var>
</assign>
<msg timestamp="20210216 16:05:01.716" level="INFO">${minute} = 40 - 50 min.</msg>
<status status="PASS" starttime="20210216 16:05:01.691" endtime="20210216 16:05:01.716"></status>
</kw>
<kw name="Fetch From Left" library="String">
<doc>Returns contents of the ``string`` before the first occurrence of ``marker``.</doc>
<arguments>
<arg>${minute}</arg>
<arg>${space}-</arg>
</arguments>
<assign>
<var>${fetchedString}</var>
</assign>
<msg timestamp="20210216 16:05:01.717" level="INFO">${fetchedString} = 40</msg>
<status status="PASS" starttime="20210216 16:05:01.716" endtime="20210216 16:05:01.717"></status>
</kw>
<kw name="Run Keyword If" library="BuiltIn">
<doc>Runs the given keyword with the given arguments, if ``condition`` is true.</doc>
<arguments>
<arg>'${fetchedString}'!= '--'</arg>
<arg>Append To List</arg>
<arg>${minutes}</arg>
<arg>${fetchedString}</arg>
</arguments>
<kw name="Append To List" library="Collections">
<doc>Adds ``values`` to the end of ``list``.</doc>
<arguments>
<arg>${minutes}</arg>
<arg>${fetchedString}</arg>
</arguments>
<status status="PASS" starttime="20210216 16:05:01.718" endtime="20210216 16:05:01.719"></status>
</kw>
<status status="PASS" starttime="20210216 16:05:01.718" endtime="20210216 16:05:01.719"></status>
</kw>
<status status="PASS" starttime="20210216 16:05:01.691" endtime="20210216 16:05:01.719"></status>
</kw>
<kw name="${i} = 18" type="foritem">
<kw name="Get Text" library="Selenium2Library">
<doc>Returns the text value of the element identified by ``locator``.</doc>
<arguments>
<arg>xpath=(${xpath})[${i}]</arg>
</arguments>
<assign>
<var>${minute}</var>
</assign>
<msg timestamp="20210216 16:05:01.745" level="INFO">${minute} = 40 - 50 min.</msg>
<status status="PASS" starttime="20210216 16:05:01.719" endtime="20210216 16:05:01.745"></status>
</kw>
<kw name="Fetch From Left" library="String">
<doc>Returns contents of the ``string`` before the first occurrence of ``marker``.</doc>
<arguments>
<arg>${minute}</arg>
<arg>${space}-</arg>
</arguments>
<assign>
<var>${fetchedString}</var>
</assign>
<msg timestamp="20210216 16:05:01.745" level="INFO">${fetchedString} = 40</msg>
<status status="PASS" starttime="20210216 16:05:01.745" endtime="20210216 16:05:01.745"></status>
</kw>
<kw name="Run Keyword If" library="BuiltIn">
<doc>Runs the given keyword with the given arguments, if ``condition`` is true.</doc>
<arguments>
<arg>'${fetchedString}'!= '--'</arg>
<arg>Append To List</arg>
<arg>${minutes}</arg>
<arg>${fetchedString}</arg>
</arguments>
<kw name="Append To List" library="Collections">
<doc>Adds ``values`` to the end of ``list``.</doc>
<arguments>
<arg>${minutes}</arg>
<arg>${fetchedString}</arg>
</arguments>
<status status="PASS" starttime="20210216 16:05:01.746" endtime="20210216 16:05:01.746"></status>
</kw>
<status status="PASS" starttime="20210216 16:05:01.746" endtime="20210216 16:05:01.746"></status>
</kw>
<status status="PASS" starttime="20210216 16:05:01.719" endtime="20210216 16:05:01.746"></status>
</kw>
<kw name="${i} = 19" type="foritem">
<kw name="Get Text" library="Selenium2Library">
<doc>Returns the text value of the element identified by ``locator``.</doc>
<arguments>
<arg>xpath=(${xpath})[${i}]</arg>
</arguments>
<assign>
<var>${minute}</var>
</assign>
<msg timestamp="20210216 16:05:01.771" level="INFO">${minute} = 40 - 50 min.</msg>
<status status="PASS" starttime="20210216 16:05:01.747" endtime="20210216 16:05:01.771"></status>
</kw>
<kw name="Fetch From Left" library="String">
<doc>Returns contents of the ``string`` before the first occurrence of ``marker``.</doc>
<arguments>
<arg>${minute}</arg>
<arg>${space}-</arg>
</arguments>
<assign>
<var>${fetchedString}</var>
</assign>
<msg timestamp="20210216 16:05:01.772" level="INFO">${fetchedString} = 40</msg>
<status status="PASS" starttime="20210216 16:05:01.771" endtime="20210216 16:05:01.772"></status>
</kw>
<kw name="Run Keyword If" library="BuiltIn">
<doc>Runs the given keyword with the given arguments, if ``condition`` is true.</doc>
<arguments>
<arg>'${fetchedString}'!= '--'</arg>
<arg>Append To List</arg>
<arg>${minutes}</arg>
<arg>${fetchedString}</arg>
</arguments>
<kw name="Append To List" library="Collections">
<doc>Adds ``values`` to the end of ``list``.</doc>
<arguments>
<arg>${minutes}</arg>
<arg>${fetchedString}</arg>
</arguments>
<status status="PASS" starttime="20210216 16:05:01.772" endtime="20210216 16:05:01.773"></status>
</kw>
<status status="PASS" starttime="20210216 16:05:01.772" endtime="20210216 16:05:01.773"></status>
</kw>
<status status="PASS" starttime="20210216 16:05:01.746" endtime="20210216 16:05:01.773"></status>
</kw>
<kw name="${i} = 20" type="foritem">
<kw name="Get Text" library="Selenium2Library">
<doc>Returns the text value of the element identified by ``locator``.</doc>
<arguments>
<arg>xpath=(${xpath})[${i}]</arg>
</arguments>
<assign>
<var>${minute}</var>
</assign>
<msg timestamp="20210216 16:05:01.798" level="INFO">${minute} = 40 - 50 min.</msg>
<status status="PASS" starttime="20210216 16:05:01.773" endtime="20210216 16:05:01.798"></status>
</kw>
<kw name="Fetch From Left" library="String">
<doc>Returns contents of the ``string`` before the first occurrence of ``marker``.</doc>
<arguments>
<arg>${minute}</arg>
<arg>${space}-</arg>
</arguments>
<assign>
<var>${fetchedString}</var>
</assign>
<msg timestamp="20210216 16:05:01.799" level="INFO">${fetchedString} = 40</msg>
<status status="PASS" starttime="20210216 16:05:01.799" endtime="20210216 16:05:01.799"></status>
</kw>
<kw name="Run Keyword If" library="BuiltIn">
<doc>Runs the given keyword with the given arguments, if ``condition`` is true.</doc>
<arguments>
<arg>'${fetchedString}'!= '--'</arg>
<arg>Append To List</arg>
<arg>${minutes}</arg>
<arg>${fetchedString}</arg>
</arguments>
<kw name="Append To List" library="Collections">
<doc>Adds ``values`` to the end of ``list``.</doc>
<arguments>
<arg>${minutes}</arg>
<arg>${fetchedString}</arg>
</arguments>
<status status="PASS" starttime="20210216 16:05:01.800" endtime="20210216 16:05:01.800"></status>
</kw>
<status status="PASS" starttime="20210216 16:05:01.800" endtime="20210216 16:05:01.800"></status>
</kw>
<status status="PASS" starttime="20210216 16:05:01.773" endtime="20210216 16:05:01.800"></status>
</kw>
<kw name="${i} = 21" type="foritem">
<kw name="Get Text" library="Selenium2Library">
<doc>Returns the text value of the element identified by ``locator``.</doc>
<arguments>
<arg>xpath=(${xpath})[${i}]</arg>
</arguments>
<assign>
<var>${minute}</var>
</assign>
<msg timestamp="20210216 16:05:01.824" level="INFO">${minute} = 40 - 50 min.</msg>
<status status="PASS" starttime="20210216 16:05:01.801" endtime="20210216 16:05:01.824"></status>
</kw>
<kw name="Fetch From Left" library="String">
<doc>Returns contents of the ``string`` before the first occurrence of ``marker``.</doc>
<arguments>
<arg>${minute}</arg>
<arg>${space}-</arg>
</arguments>
<assign>
<var>${fetchedString}</var>
</assign>
<msg timestamp="20210216 16:05:01.825" level="INFO">${fetchedString} = 40</msg>
<status status="PASS" starttime="20210216 16:05:01.825" endtime="20210216 16:05:01.825"></status>
</kw>
<kw name="Run Keyword If" library="BuiltIn">
<doc>Runs the given keyword with the given arguments, if ``condition`` is true.</doc>
<arguments>
<arg>'${fetchedString}'!= '--'</arg>
<arg>Append To List</arg>
<arg>${minutes}</arg>
<arg>${fetchedString}</arg>
</arguments>
<kw name="Append To List" library="Collections">
<doc>Adds ``values`` to the end of ``list``.</doc>
<arguments>
<arg>${minutes}</arg>
<arg>${fetchedString}</arg>
</arguments>
<status status="PASS" starttime="20210216 16:05:01.826" endtime="20210216 16:05:01.826"></status>
</kw>
<status status="PASS" starttime="20210216 16:05:01.825" endtime="20210216 16:05:01.826"></status>
</kw>
<status status="PASS" starttime="20210216 16:05:01.800" endtime="20210216 16:05:01.826"></status>
</kw>
<kw name="${i} = 22" type="foritem">
<kw name="Get Text" library="Selenium2Library">
<doc>Returns the text value of the element identified by ``locator``.</doc>
<arguments>
<arg>xpath=(${xpath})[${i}]</arg>
</arguments>
<assign>
<var>${minute}</var>
</assign>
<msg timestamp="20210216 16:05:01.851" level="INFO">${minute} = 40 - 50 min.</msg>
<status status="PASS" starttime="20210216 16:05:01.826" endtime="20210216 16:05:01.851"></status>
</kw>
<kw name="Fetch From Left" library="String">
<doc>Returns contents of the ``string`` before the first occurrence of ``marker``.</doc>
<arguments>
<arg>${minute}</arg>
<arg>${space}-</arg>
</arguments>
<assign>
<var>${fetchedString}</var>
</assign>
<msg timestamp="20210216 16:05:01.851" level="INFO">${fetchedString} = 40</msg>
<status status="PASS" starttime="20210216 16:05:01.851" endtime="20210216 16:05:01.851"></status>
</kw>
<kw name="Run Keyword If" library="BuiltIn">
<doc>Runs the given keyword with the given arguments, if ``condition`` is true.</doc>
<arguments>
<arg>'${fetchedString}'!= '--'</arg>
<arg>Append To List</arg>
<arg>${minutes}</arg>
<arg>${fetchedString}</arg>
</arguments>
<kw name="Append To List" library="Collections">
<doc>Adds ``values`` to the end of ``list``.</doc>
<arguments>
<arg>${minutes}</arg>
<arg>${fetchedString}</arg>
</arguments>
<status status="PASS" starttime="20210216 16:05:01.852" endtime="20210216 16:05:01.852"></status>
</kw>
<status status="PASS" starttime="20210216 16:05:01.851" endtime="20210216 16:05:01.852"></status>
</kw>
<status status="PASS" starttime="20210216 16:05:01.826" endtime="20210216 16:05:01.852"></status>
</kw>
<kw name="${i} = 23" type="foritem">
<kw name="Get Text" library="Selenium2Library">
<doc>Returns the text value of the element identified by ``locator``.</doc>
<arguments>
<arg>xpath=(${xpath})[${i}]</arg>
</arguments>
<assign>
<var>${minute}</var>
</assign>
<msg timestamp="20210216 16:05:01.877" level="INFO">${minute} = 40 - 50 min.</msg>
<status status="PASS" starttime="20210216 16:05:01.853" endtime="20210216 16:05:01.877"></status>
</kw>
<kw name="Fetch From Left" library="String">
<doc>Returns contents of the ``string`` before the first occurrence of ``marker``.</doc>
<arguments>
<arg>${minute}</arg>
<arg>${space}-</arg>
</arguments>
<assign>
<var>${fetchedString}</var>
</assign>
<msg timestamp="20210216 16:05:01.878" level="INFO">${fetchedString} = 40</msg>
<status status="PASS" starttime="20210216 16:05:01.877" endtime="20210216 16:05:01.878"></status>
</kw>
<kw name="Run Keyword If" library="BuiltIn">
<doc>Runs the given keyword with the given arguments, if ``condition`` is true.</doc>
<arguments>
<arg>'${fetchedString}'!= '--'</arg>
<arg>Append To List</arg>
<arg>${minutes}</arg>
<arg>${fetchedString}</arg>
</arguments>
<kw name="Append To List" library="Collections">
<doc>Adds ``values`` to the end of ``list``.</doc>
<arguments>
<arg>${minutes}</arg>
<arg>${fetchedString}</arg>
</arguments>
<status status="PASS" starttime="20210216 16:05:01.879" endtime="20210216 16:05:01.879"></status>
</kw>
<status status="PASS" starttime="20210216 16:05:01.878" endtime="20210216 16:05:01.879"></status>
</kw>
<status status="PASS" starttime="20210216 16:05:01.852" endtime="20210216 16:05:01.879"></status>
</kw>
<kw name="${i} = 24" type="foritem">
<kw name="Get Text" library="Selenium2Library">
<doc>Returns the text value of the element identified by ``locator``.</doc>
<arguments>
<arg>xpath=(${xpath})[${i}]</arg>
</arguments>
<assign>
<var>${minute}</var>
</assign>
<msg timestamp="20210216 16:05:01.904" level="INFO">${minute} = 45 - 55 min.</msg>
<status status="PASS" starttime="20210216 16:05:01.879" endtime="20210216 16:05:01.904"></status>
</kw>
<kw name="Fetch From Left" library="String">
<doc>Returns contents of the ``string`` before the first occurrence of ``marker``.</doc>
<arguments>
<arg>${minute}</arg>
<arg>${space}-</arg>
</arguments>
<assign>
<var>${fetchedString}</var>
</assign>
<msg timestamp="20210216 16:05:01.905" level="INFO">${fetchedString} = 45</msg>
<status status="PASS" starttime="20210216 16:05:01.904" endtime="20210216 16:05:01.905"></status>
</kw>
<kw name="Run Keyword If" library="BuiltIn">
<doc>Runs the given keyword with the given arguments, if ``condition`` is true.</doc>
<arguments>
<arg>'${fetchedString}'!= '--'</arg>
<arg>Append To List</arg>
<arg>${minutes}</arg>
<arg>${fetchedString}</arg>
</arguments>
<kw name="Append To List" library="Collections">
<doc>Adds ``values`` to the end of ``list``.</doc>
<arguments>
<arg>${minutes}</arg>
<arg>${fetchedString}</arg>
</arguments>
<status status="PASS" starttime="20210216 16:05:01.905" endtime="20210216 16:05:01.906"></status>
</kw>
<status status="PASS" starttime="20210216 16:05:01.905" endtime="20210216 16:05:01.906"></status>
</kw>
<status status="PASS" starttime="20210216 16:05:01.879" endtime="20210216 16:05:01.906"></status>
</kw>
<kw name="${i} = 25" type="foritem">
<kw name="Get Text" library="Selenium2Library">
<doc>Returns the text value of the element identified by ``locator``.</doc>
<arguments>
<arg>xpath=(${xpath})[${i}]</arg>
</arguments>
<assign>
<var>${minute}</var>
</assign>
<msg timestamp="20210216 16:05:01.934" level="INFO">${minute} = 45 - 55 min.</msg>
<status status="PASS" starttime="20210216 16:05:01.906" endtime="20210216 16:05:01.934"></status>
</kw>
<kw name="Fetch From Left" library="String">
<doc>Returns contents of the ``string`` before the first occurrence of ``marker``.</doc>
<arguments>
<arg>${minute}</arg>
<arg>${space}-</arg>
</arguments>
<assign>
<var>${fetchedString}</var>
</assign>
<msg timestamp="20210216 16:05:01.935" level="INFO">${fetchedString} = 45</msg>
<status status="PASS" starttime="20210216 16:05:01.934" endtime="20210216 16:05:01.935"></status>
</kw>
<kw name="Run Keyword If" library="BuiltIn">
<doc>Runs the given keyword with the given arguments, if ``condition`` is true.</doc>
<arguments>
<arg>'${fetchedString}'!= '--'</arg>
<arg>Append To List</arg>
<arg>${minutes}</arg>
<arg>${fetchedString}</arg>
</arguments>
<kw name="Append To List" library="Collections">
<doc>Adds ``values`` to the end of ``list``.</doc>
<arguments>
<arg>${minutes}</arg>
<arg>${fetchedString}</arg>
</arguments>
<status status="PASS" starttime="20210216 16:05:01.935" endtime="20210216 16:05:01.935"></status>
</kw>
<status status="PASS" starttime="20210216 16:05:01.935" endtime="20210216 16:05:01.936"></status>
</kw>
<status status="PASS" starttime="20210216 16:05:01.906" endtime="20210216 16:05:01.936"></status>
</kw>
<kw name="${i} = 26" type="foritem">
<kw name="Get Text" library="Selenium2Library">
<doc>Returns the text value of the element identified by ``locator``.</doc>
<arguments>
<arg>xpath=(${xpath})[${i}]</arg>
</arguments>
<assign>
<var>${minute}</var>
</assign>
<msg timestamp="20210216 16:05:01.968" level="INFO">${minute} = 45 - 55 min.</msg>
<status status="PASS" starttime="20210216 16:05:01.936" endtime="20210216 16:05:01.968"></status>
</kw>
<kw name="Fetch From Left" library="String">
<doc>Returns contents of the ``string`` before the first occurrence of ``marker``.</doc>
<arguments>
<arg>${minute}</arg>
<arg>${space}-</arg>
</arguments>
<assign>
<var>${fetchedString}</var>
</assign>
<msg timestamp="20210216 16:05:01.969" level="INFO">${fetchedString} = 45</msg>
<status status="PASS" starttime="20210216 16:05:01.968" endtime="20210216 16:05:01.969"></status>
</kw>
<kw name="Run Keyword If" library="BuiltIn">
<doc>Runs the given keyword with the given arguments, if ``condition`` is true.</doc>
<arguments>
<arg>'${fetchedString}'!= '--'</arg>
<arg>Append To List</arg>
<arg>${minutes}</arg>
<arg>${fetchedString}</arg>
</arguments>
<kw name="Append To List" library="Collections">
<doc>Adds ``values`` to the end of ``list``.</doc>
<arguments>
<arg>${minutes}</arg>
<arg>${fetchedString}</arg>
</arguments>
<status status="PASS" starttime="20210216 16:05:01.969" endtime="20210216 16:05:01.970"></status>
</kw>
<status status="PASS" starttime="20210216 16:05:01.969" endtime="20210216 16:05:01.970"></status>
</kw>
<status status="PASS" starttime="20210216 16:05:01.936" endtime="20210216 16:05:01.970"></status>
</kw>
<kw name="${i} = 27" type="foritem">
<kw name="Get Text" library="Selenium2Library">
<doc>Returns the text value of the element identified by ``locator``.</doc>
<arguments>
<arg>xpath=(${xpath})[${i}]</arg>
</arguments>
<assign>
<var>${minute}</var>
</assign>
<msg timestamp="20210216 16:05:01.995" level="INFO">${minute} = 45 - 55 min.</msg>
<status status="PASS" starttime="20210216 16:05:01.970" endtime="20210216 16:05:01.995"></status>
</kw>
<kw name="Fetch From Left" library="String">
<doc>Returns contents of the ``string`` before the first occurrence of ``marker``.</doc>
<arguments>
<arg>${minute}</arg>
<arg>${space}-</arg>
</arguments>
<assign>
<var>${fetchedString}</var>
</assign>
<msg timestamp="20210216 16:05:01.995" level="INFO">${fetchedString} = 45</msg>
<status status="PASS" starttime="20210216 16:05:01.995" endtime="20210216 16:05:01.995"></status>
</kw>
<kw name="Run Keyword If" library="BuiltIn">
<doc>Runs the given keyword with the given arguments, if ``condition`` is true.</doc>
<arguments>
<arg>'${fetchedString}'!= '--'</arg>
<arg>Append To List</arg>
<arg>${minutes}</arg>
<arg>${fetchedString}</arg>
</arguments>
<kw name="Append To List" library="Collections">
<doc>Adds ``values`` to the end of ``list``.</doc>
<arguments>
<arg>${minutes}</arg>
<arg>${fetchedString}</arg>
</arguments>
<status status="PASS" starttime="20210216 16:05:01.996" endtime="20210216 16:05:01.996"></status>
</kw>
<status status="PASS" starttime="20210216 16:05:01.996" endtime="20210216 16:05:01.997"></status>
</kw>
<status status="PASS" starttime="20210216 16:05:01.970" endtime="20210216 16:05:01.997"></status>
</kw>
<kw name="${i} = 28" type="foritem">
<kw name="Get Text" library="Selenium2Library">
<doc>Returns the text value of the element identified by ``locator``.</doc>
<arguments>
<arg>xpath=(${xpath})[${i}]</arg>
</arguments>
<assign>
<var>${minute}</var>
</assign>
<msg timestamp="20210216 16:05:02.022" level="INFO">${minute} = 55 - 65 min.</msg>
<status status="PASS" starttime="20210216 16:05:01.997" endtime="20210216 16:05:02.022"></status>
</kw>
<kw name="Fetch From Left" library="String">
<doc>Returns contents of the ``string`` before the first occurrence of ``marker``.</doc>
<arguments>
<arg>${minute}</arg>
<arg>${space}-</arg>
</arguments>
<assign>
<var>${fetchedString}</var>
</assign>
<msg timestamp="20210216 16:05:02.022" level="INFO">${fetchedString} = 55</msg>
<status status="PASS" starttime="20210216 16:05:02.022" endtime="20210216 16:05:02.022"></status>
</kw>
<kw name="Run Keyword If" library="BuiltIn">
<doc>Runs the given keyword with the given arguments, if ``condition`` is true.</doc>
<arguments>
<arg>'${fetchedString}'!= '--'</arg>
<arg>Append To List</arg>
<arg>${minutes}</arg>
<arg>${fetchedString}</arg>
</arguments>
<kw name="Append To List" library="Collections">
<doc>Adds ``values`` to the end of ``list``.</doc>
<arguments>
<arg>${minutes}</arg>
<arg>${fetchedString}</arg>
</arguments>
<status status="PASS" starttime="20210216 16:05:02.023" endtime="20210216 16:05:02.023"></status>
</kw>
<status status="PASS" starttime="20210216 16:05:02.022" endtime="20210216 16:05:02.023"></status>
</kw>
<status status="PASS" starttime="20210216 16:05:01.997" endtime="20210216 16:05:02.023"></status>
</kw>
<kw name="${i} = 29" type="foritem">
<kw name="Get Text" library="Selenium2Library">
<doc>Returns the text value of the element identified by ``locator``.</doc>
<arguments>
<arg>xpath=(${xpath})[${i}]</arg>
</arguments>
<assign>
<var>${minute}</var>
</assign>
<msg timestamp="20210216 16:05:02.050" level="INFO">${minute} = 55 - 65 min.</msg>
<status status="PASS" starttime="20210216 16:05:02.023" endtime="20210216 16:05:02.050"></status>
</kw>
<kw name="Fetch From Left" library="String">
<doc>Returns contents of the ``string`` before the first occurrence of ``marker``.</doc>
<arguments>
<arg>${minute}</arg>
<arg>${space}-</arg>
</arguments>
<assign>
<var>${fetchedString}</var>
</assign>
<msg timestamp="20210216 16:05:02.051" level="INFO">${fetchedString} = 55</msg>
<status status="PASS" starttime="20210216 16:05:02.051" endtime="20210216 16:05:02.051"></status>
</kw>
<kw name="Run Keyword If" library="BuiltIn">
<doc>Runs the given keyword with the given arguments, if ``condition`` is true.</doc>
<arguments>
<arg>'${fetchedString}'!= '--'</arg>
<arg>Append To List</arg>
<arg>${minutes}</arg>
<arg>${fetchedString}</arg>
</arguments>
<kw name="Append To List" library="Collections">
<doc>Adds ``values`` to the end of ``list``.</doc>
<arguments>
<arg>${minutes}</arg>
<arg>${fetchedString}</arg>
</arguments>
<status status="PASS" starttime="20210216 16:05:02.052" endtime="20210216 16:05:02.052"></status>
</kw>
<status status="PASS" starttime="20210216 16:05:02.051" endtime="20210216 16:05:02.052"></status>
</kw>
<status status="PASS" starttime="20210216 16:05:02.023" endtime="20210216 16:05:02.052"></status>
</kw>
<kw name="${i} = 30" type="foritem">
<kw name="Get Text" library="Selenium2Library">
<doc>Returns the text value of the element identified by ``locator``.</doc>
<arguments>
<arg>xpath=(${xpath})[${i}]</arg>
</arguments>
<assign>
<var>${minute}</var>
</assign>
<msg timestamp="20210216 16:05:02.076" level="INFO">${minute} = 55 - 65 min.</msg>
<status status="PASS" starttime="20210216 16:05:02.052" endtime="20210216 16:05:02.076"></status>
</kw>
<kw name="Fetch From Left" library="String">
<doc>Returns contents of the ``string`` before the first occurrence of ``marker``.</doc>
<arguments>
<arg>${minute}</arg>
<arg>${space}-</arg>
</arguments>
<assign>
<var>${fetchedString}</var>
</assign>
<msg timestamp="20210216 16:05:02.077" level="INFO">${fetchedString} = 55</msg>
<status status="PASS" starttime="20210216 16:05:02.077" endtime="20210216 16:05:02.077"></status>
</kw>
<kw name="Run Keyword If" library="BuiltIn">
<doc>Runs the given keyword with the given arguments, if ``condition`` is true.</doc>
<arguments>
<arg>'${fetchedString}'!= '--'</arg>
<arg>Append To List</arg>
<arg>${minutes}</arg>
<arg>${fetchedString}</arg>
</arguments>
<kw name="Append To List" library="Collections">
<doc>Adds ``values`` to the end of ``list``.</doc>
<arguments>
<arg>${minutes}</arg>
<arg>${fetchedString}</arg>
</arguments>
<status status="PASS" starttime="20210216 16:05:02.078" endtime="20210216 16:05:02.078"></status>
</kw>
<status status="PASS" starttime="20210216 16:05:02.077" endtime="20210216 16:05:02.078"></status>
</kw>
<status status="PASS" starttime="20210216 16:05:02.052" endtime="20210216 16:05:02.078"></status>
</kw>
<kw name="${i} = 31" type="foritem">
<kw name="Get Text" library="Selenium2Library">
<doc>Returns the text value of the element identified by ``locator``.</doc>
<arguments>
<arg>xpath=(${xpath})[${i}]</arg>
</arguments>
<assign>
<var>${minute}</var>
</assign>
<msg timestamp="20210216 16:05:02.103" level="INFO">${minute} = 55 - 65 min.</msg>
<status status="PASS" starttime="20210216 16:05:02.079" endtime="20210216 16:05:02.103"></status>
</kw>
<kw name="Fetch From Left" library="String">
<doc>Returns contents of the ``string`` before the first occurrence of ``marker``.</doc>
<arguments>
<arg>${minute}</arg>
<arg>${space}-</arg>
</arguments>
<assign>
<var>${fetchedString}</var>
</assign>
<msg timestamp="20210216 16:05:02.104" level="INFO">${fetchedString} = 55</msg>
<status status="PASS" starttime="20210216 16:05:02.103" endtime="20210216 16:05:02.104"></status>
</kw>
<kw name="Run Keyword If" library="BuiltIn">
<doc>Runs the given keyword with the given arguments, if ``condition`` is true.</doc>
<arguments>
<arg>'${fetchedString}'!= '--'</arg>
<arg>Append To List</arg>
<arg>${minutes}</arg>
<arg>${fetchedString}</arg>
</arguments>
<kw name="Append To List" library="Collections">
<doc>Adds ``values`` to the end of ``list``.</doc>
<arguments>
<arg>${minutes}</arg>
<arg>${fetchedString}</arg>
</arguments>
<status status="PASS" starttime="20210216 16:05:02.105" endtime="20210216 16:05:02.105"></status>
</kw>
<status status="PASS" starttime="20210216 16:05:02.104" endtime="20210216 16:05:02.105"></status>
</kw>
<status status="PASS" starttime="20210216 16:05:02.078" endtime="20210216 16:05:02.105"></status>
</kw>
<kw name="${i} = 32" type="foritem">
<kw name="Get Text" library="Selenium2Library">
<doc>Returns the text value of the element identified by ``locator``.</doc>
<arguments>
<arg>xpath=(${xpath})[${i}]</arg>
</arguments>
<assign>
<var>${minute}</var>
</assign>
<msg timestamp="20210216 16:05:02.130" level="INFO">${minute} = 55 - 65 min.</msg>
<status status="PASS" starttime="20210216 16:05:02.105" endtime="20210216 16:05:02.130"></status>
</kw>
<kw name="Fetch From Left" library="String">
<doc>Returns contents of the ``string`` before the first occurrence of ``marker``.</doc>
<arguments>
<arg>${minute}</arg>
<arg>${space}-</arg>
</arguments>
<assign>
<var>${fetchedString}</var>
</assign>
<msg timestamp="20210216 16:05:02.131" level="INFO">${fetchedString} = 55</msg>
<status status="PASS" starttime="20210216 16:05:02.131" endtime="20210216 16:05:02.131"></status>
</kw>
<kw name="Run Keyword If" library="BuiltIn">
<doc>Runs the given keyword with the given arguments, if ``condition`` is true.</doc>
<arguments>
<arg>'${fetchedString}'!= '--'</arg>
<arg>Append To List</arg>
<arg>${minutes}</arg>
<arg>${fetchedString}</arg>
</arguments>
<kw name="Append To List" library="Collections">
<doc>Adds ``values`` to the end of ``list``.</doc>
<arguments>
<arg>${minutes}</arg>
<arg>${fetchedString}</arg>
</arguments>
<status status="PASS" starttime="20210216 16:05:02.132" endtime="20210216 16:05:02.132"></status>
</kw>
<status status="PASS" starttime="20210216 16:05:02.131" endtime="20210216 16:05:02.132"></status>
</kw>
<status status="PASS" starttime="20210216 16:05:02.105" endtime="20210216 16:05:02.133"></status>
</kw>
<kw name="${i} = 33" type="foritem">
<kw name="Get Text" library="Selenium2Library">
<doc>Returns the text value of the element identified by ``locator``.</doc>
<arguments>
<arg>xpath=(${xpath})[${i}]</arg>
</arguments>
<assign>
<var>${minute}</var>
</assign>
<msg timestamp="20210216 16:05:02.208" level="INFO">${minute} = 55 - 65 min.</msg>
<status status="PASS" starttime="20210216 16:05:02.133" endtime="20210216 16:05:02.208"></status>
</kw>
<kw name="Fetch From Left" library="String">
<doc>Returns contents of the ``string`` before the first occurrence of ``marker``.</doc>
<arguments>
<arg>${minute}</arg>
<arg>${space}-</arg>
</arguments>
<assign>
<var>${fetchedString}</var>
</assign>
<msg timestamp="20210216 16:05:02.208" level="INFO">${fetchedString} = 55</msg>
<status status="PASS" starttime="20210216 16:05:02.208" endtime="20210216 16:05:02.208"></status>
</kw>
<kw name="Run Keyword If" library="BuiltIn">
<doc>Runs the given keyword with the given arguments, if ``condition`` is true.</doc>
<arguments>
<arg>'${fetchedString}'!= '--'</arg>
<arg>Append To List</arg>
<arg>${minutes}</arg>
<arg>${fetchedString}</arg>
</arguments>
<kw name="Append To List" library="Collections">
<doc>Adds ``values`` to the end of ``list``.</doc>
<arguments>
<arg>${minutes}</arg>
<arg>${fetchedString}</arg>
</arguments>
<status status="PASS" starttime="20210216 16:05:02.209" endtime="20210216 16:05:02.209"></status>
</kw>
<status status="PASS" starttime="20210216 16:05:02.209" endtime="20210216 16:05:02.209"></status>
</kw>
<status status="PASS" starttime="20210216 16:05:02.133" endtime="20210216 16:05:02.209"></status>
</kw>
<kw name="${i} = 34" type="foritem">
<kw name="Get Text" library="Selenium2Library">
<doc>Returns the text value of the element identified by ``locator``.</doc>
<arguments>
<arg>xpath=(${xpath})[${i}]</arg>
</arguments>
<assign>
<var>${minute}</var>
</assign>
<msg timestamp="20210216 16:05:02.235" level="INFO">${minute} = 55 - 65 min.</msg>
<status status="PASS" starttime="20210216 16:05:02.210" endtime="20210216 16:05:02.235"></status>
</kw>
<kw name="Fetch From Left" library="String">
<doc>Returns contents of the ``string`` before the first occurrence of ``marker``.</doc>
<arguments>
<arg>${minute}</arg>
<arg>${space}-</arg>
</arguments>
<assign>
<var>${fetchedString}</var>
</assign>
<msg timestamp="20210216 16:05:02.235" level="INFO">${fetchedString} = 55</msg>
<status status="PASS" starttime="20210216 16:05:02.235" endtime="20210216 16:05:02.235"></status>
</kw>
<kw name="Run Keyword If" library="BuiltIn">
<doc>Runs the given keyword with the given arguments, if ``condition`` is true.</doc>
<arguments>
<arg>'${fetchedString}'!= '--'</arg>
<arg>Append To List</arg>
<arg>${minutes}</arg>
<arg>${fetchedString}</arg>
</arguments>
<kw name="Append To List" library="Collections">
<doc>Adds ``values`` to the end of ``list``.</doc>
<arguments>
<arg>${minutes}</arg>
<arg>${fetchedString}</arg>
</arguments>
<status status="PASS" starttime="20210216 16:05:02.236" endtime="20210216 16:05:02.236"></status>
</kw>
<status status="PASS" starttime="20210216 16:05:02.235" endtime="20210216 16:05:02.236"></status>
</kw>
<status status="PASS" starttime="20210216 16:05:02.209" endtime="20210216 16:05:02.236"></status>
</kw>
<kw name="${i} = 35" type="foritem">
<kw name="Get Text" library="Selenium2Library">
<doc>Returns the text value of the element identified by ``locator``.</doc>
<arguments>
<arg>xpath=(${xpath})[${i}]</arg>
</arguments>
<assign>
<var>${minute}</var>
</assign>
<msg timestamp="20210216 16:05:02.261" level="INFO">${minute} = 55 - 65 min.</msg>
<status status="PASS" starttime="20210216 16:05:02.236" endtime="20210216 16:05:02.261"></status>
</kw>
<kw name="Fetch From Left" library="String">
<doc>Returns contents of the ``string`` before the first occurrence of ``marker``.</doc>
<arguments>
<arg>${minute}</arg>
<arg>${space}-</arg>
</arguments>
<assign>
<var>${fetchedString}</var>
</assign>
<msg timestamp="20210216 16:05:02.262" level="INFO">${fetchedString} = 55</msg>
<status status="PASS" starttime="20210216 16:05:02.261" endtime="20210216 16:05:02.262"></status>
</kw>
<kw name="Run Keyword If" library="BuiltIn">
<doc>Runs the given keyword with the given arguments, if ``condition`` is true.</doc>
<arguments>
<arg>'${fetchedString}'!= '--'</arg>
<arg>Append To List</arg>
<arg>${minutes}</arg>
<arg>${fetchedString}</arg>
</arguments>
<kw name="Append To List" library="Collections">
<doc>Adds ``values`` to the end of ``list``.</doc>
<arguments>
<arg>${minutes}</arg>
<arg>${fetchedString}</arg>
</arguments>
<status status="PASS" starttime="20210216 16:05:02.262" endtime="20210216 16:05:02.263"></status>
</kw>
<status status="PASS" starttime="20210216 16:05:02.262" endtime="20210216 16:05:02.263"></status>
</kw>
<status status="PASS" starttime="20210216 16:05:02.236" endtime="20210216 16:05:02.263"></status>
</kw>
<kw name="${i} = 36" type="foritem">
<kw name="Get Text" library="Selenium2Library">
<doc>Returns the text value of the element identified by ``locator``.</doc>
<arguments>
<arg>xpath=(${xpath})[${i}]</arg>
</arguments>
<assign>
<var>${minute}</var>
</assign>
<msg timestamp="20210216 16:05:02.289" level="INFO">${minute} = 55 - 65 min.</msg>
<status status="PASS" starttime="20210216 16:05:02.263" endtime="20210216 16:05:02.289"></status>
</kw>
<kw name="Fetch From Left" library="String">
<doc>Returns contents of the ``string`` before the first occurrence of ``marker``.</doc>
<arguments>
<arg>${minute}</arg>
<arg>${space}-</arg>
</arguments>
<assign>
<var>${fetchedString}</var>
</assign>
<msg timestamp="20210216 16:05:02.290" level="INFO">${fetchedString} = 55</msg>
<status status="PASS" starttime="20210216 16:05:02.290" endtime="20210216 16:05:02.290"></status>
</kw>
<kw name="Run Keyword If" library="BuiltIn">
<doc>Runs the given keyword with the given arguments, if ``condition`` is true.</doc>
<arguments>
<arg>'${fetchedString}'!= '--'</arg>
<arg>Append To List</arg>
<arg>${minutes}</arg>
<arg>${fetchedString}</arg>
</arguments>
<kw name="Append To List" library="Collections">
<doc>Adds ``values`` to the end of ``list``.</doc>
<arguments>
<arg>${minutes}</arg>
<arg>${fetchedString}</arg>
</arguments>
<status status="PASS" starttime="20210216 16:05:02.291" endtime="20210216 16:05:02.291"></status>
</kw>
<status status="PASS" starttime="20210216 16:05:02.290" endtime="20210216 16:05:02.291"></status>
</kw>
<status status="PASS" starttime="20210216 16:05:02.263" endtime="20210216 16:05:02.291"></status>
</kw>
<kw name="${i} = 37" type="foritem">
<kw name="Get Text" library="Selenium2Library">
<doc>Returns the text value of the element identified by ``locator``.</doc>
<arguments>
<arg>xpath=(${xpath})[${i}]</arg>
</arguments>
<assign>
<var>${minute}</var>
</assign>
<msg timestamp="20210216 16:05:02.324" level="INFO">${minute} = 55 - 65 min.</msg>
<status status="PASS" starttime="20210216 16:05:02.291" endtime="20210216 16:05:02.324"></status>
</kw>
<kw name="Fetch From Left" library="String">
<doc>Returns contents of the ``string`` before the first occurrence of ``marker``.</doc>
<arguments>
<arg>${minute}</arg>
<arg>${space}-</arg>
</arguments>
<assign>
<var>${fetchedString}</var>
</assign>
<msg timestamp="20210216 16:05:02.325" level="INFO">${fetchedString} = 55</msg>
<status status="PASS" starttime="20210216 16:05:02.324" endtime="20210216 16:05:02.325"></status>
</kw>
<kw name="Run Keyword If" library="BuiltIn">
<doc>Runs the given keyword with the given arguments, if ``condition`` is true.</doc>
<arguments>
<arg>'${fetchedString}'!= '--'</arg>
<arg>Append To List</arg>
<arg>${minutes}</arg>
<arg>${fetchedString}</arg>
</arguments>
<kw name="Append To List" library="Collections">
<doc>Adds ``values`` to the end of ``list``.</doc>
<arguments>
<arg>${minutes}</arg>
<arg>${fetchedString}</arg>
</arguments>
<status status="PASS" starttime="20210216 16:05:02.326" endtime="20210216 16:05:02.326"></status>
</kw>
<status status="PASS" starttime="20210216 16:05:02.325" endtime="20210216 16:05:02.326"></status>
</kw>
<status status="PASS" starttime="20210216 16:05:02.291" endtime="20210216 16:05:02.326"></status>
</kw>
<kw name="${i} = 38" type="foritem">
<kw name="Get Text" library="Selenium2Library">
<doc>Returns the text value of the element identified by ``locator``.</doc>
<arguments>
<arg>xpath=(${xpath})[${i}]</arg>
</arguments>
<assign>
<var>${minute}</var>
</assign>
<msg timestamp="20210216 16:05:02.351" level="INFO">${minute} = 55 - 65 min.</msg>
<status status="PASS" starttime="20210216 16:05:02.326" endtime="20210216 16:05:02.351"></status>
</kw>
<kw name="Fetch From Left" library="String">
<doc>Returns contents of the ``string`` before the first occurrence of ``marker``.</doc>
<arguments>
<arg>${minute}</arg>
<arg>${space}-</arg>
</arguments>
<assign>
<var>${fetchedString}</var>
</assign>
<msg timestamp="20210216 16:05:02.351" level="INFO">${fetchedString} = 55</msg>
<status status="PASS" starttime="20210216 16:05:02.351" endtime="20210216 16:05:02.351"></status>
</kw>
<kw name="Run Keyword If" library="BuiltIn">
<doc>Runs the given keyword with the given arguments, if ``condition`` is true.</doc>
<arguments>
<arg>'${fetchedString}'!= '--'</arg>
<arg>Append To List</arg>
<arg>${minutes}</arg>
<arg>${fetchedString}</arg>
</arguments>
<kw name="Append To List" library="Collections">
<doc>Adds ``values`` to the end of ``list``.</doc>
<arguments>
<arg>${minutes}</arg>
<arg>${fetchedString}</arg>
</arguments>
<status status="PASS" starttime="20210216 16:05:02.352" endtime="20210216 16:05:02.352"></status>
</kw>
<status status="PASS" starttime="20210216 16:05:02.351" endtime="20210216 16:05:02.352"></status>
</kw>
<status status="PASS" starttime="20210216 16:05:02.326" endtime="20210216 16:05:02.352"></status>
</kw>
<kw name="${i} = 39" type="foritem">
<kw name="Get Text" library="Selenium2Library">
<doc>Returns the text value of the element identified by ``locator``.</doc>
<arguments>
<arg>xpath=(${xpath})[${i}]</arg>
</arguments>
<assign>
<var>${minute}</var>
</assign>
<msg timestamp="20210216 16:05:02.382" level="INFO">${minute} = 55 - 65 min.</msg>
<status status="PASS" starttime="20210216 16:05:02.352" endtime="20210216 16:05:02.383"></status>
</kw>
<kw name="Fetch From Left" library="String">
<doc>Returns contents of the ``string`` before the first occurrence of ``marker``.</doc>
<arguments>
<arg>${minute}</arg>
<arg>${space}-</arg>
</arguments>
<assign>
<var>${fetchedString}</var>
</assign>
<msg timestamp="20210216 16:05:02.383" level="INFO">${fetchedString} = 55</msg>
<status status="PASS" starttime="20210216 16:05:02.383" endtime="20210216 16:05:02.383"></status>
</kw>
<kw name="Run Keyword If" library="BuiltIn">
<doc>Runs the given keyword with the given arguments, if ``condition`` is true.</doc>
<arguments>
<arg>'${fetchedString}'!= '--'</arg>
<arg>Append To List</arg>
<arg>${minutes}</arg>
<arg>${fetchedString}</arg>
</arguments>
<kw name="Append To List" library="Collections">
<doc>Adds ``values`` to the end of ``list``.</doc>
<arguments>
<arg>${minutes}</arg>
<arg>${fetchedString}</arg>
</arguments>
<status status="PASS" starttime="20210216 16:05:02.384" endtime="20210216 16:05:02.384"></status>
</kw>
<status status="PASS" starttime="20210216 16:05:02.383" endtime="20210216 16:05:02.384"></status>
</kw>
<status status="PASS" starttime="20210216 16:05:02.352" endtime="20210216 16:05:02.384"></status>
</kw>
<kw name="${i} = 40" type="foritem">
<kw name="Get Text" library="Selenium2Library">
<doc>Returns the text value of the element identified by ``locator``.</doc>
<arguments>
<arg>xpath=(${xpath})[${i}]</arg>
</arguments>
<assign>
<var>${minute}</var>
</assign>
<msg timestamp="20210216 16:05:02.410" level="INFO">${minute} = 55 - 65 min.</msg>
<status status="PASS" starttime="20210216 16:05:02.385" endtime="20210216 16:05:02.410"></status>
</kw>
<kw name="Fetch From Left" library="String">
<doc>Returns contents of the ``string`` before the first occurrence of ``marker``.</doc>
<arguments>
<arg>${minute}</arg>
<arg>${space}-</arg>
</arguments>
<assign>
<var>${fetchedString}</var>
</assign>
<msg timestamp="20210216 16:05:02.411" level="INFO">${fetchedString} = 55</msg>
<status status="PASS" starttime="20210216 16:05:02.410" endtime="20210216 16:05:02.411"></status>
</kw>
<kw name="Run Keyword If" library="BuiltIn">
<doc>Runs the given keyword with the given arguments, if ``condition`` is true.</doc>
<arguments>
<arg>'${fetchedString}'!= '--'</arg>
<arg>Append To List</arg>
<arg>${minutes}</arg>
<arg>${fetchedString}</arg>
</arguments>
<kw name="Append To List" library="Collections">
<doc>Adds ``values`` to the end of ``list``.</doc>
<arguments>
<arg>${minutes}</arg>
<arg>${fetchedString}</arg>
</arguments>
<status status="PASS" starttime="20210216 16:05:02.411" endtime="20210216 16:05:02.411"></status>
</kw>
<status status="PASS" starttime="20210216 16:05:02.411" endtime="20210216 16:05:02.411"></status>
</kw>
<status status="PASS" starttime="20210216 16:05:02.384" endtime="20210216 16:05:02.412"></status>
</kw>
<kw name="${i} = 41" type="foritem">
<kw name="Get Text" library="Selenium2Library">
<doc>Returns the text value of the element identified by ``locator``.</doc>
<arguments>
<arg>xpath=(${xpath})[${i}]</arg>
</arguments>
<assign>
<var>${minute}</var>
</assign>
<msg timestamp="20210216 16:05:02.436" level="INFO">${minute} = 55 - 65 min.</msg>
<status status="PASS" starttime="20210216 16:05:02.412" endtime="20210216 16:05:02.437"></status>
</kw>
<kw name="Fetch From Left" library="String">
<doc>Returns contents of the ``string`` before the first occurrence of ``marker``.</doc>
<arguments>
<arg>${minute}</arg>
<arg>${space}-</arg>
</arguments>
<assign>
<var>${fetchedString}</var>
</assign>
<msg timestamp="20210216 16:05:02.437" level="INFO">${fetchedString} = 55</msg>
<status status="PASS" starttime="20210216 16:05:02.437" endtime="20210216 16:05:02.437"></status>
</kw>
<kw name="Run Keyword If" library="BuiltIn">
<doc>Runs the given keyword with the given arguments, if ``condition`` is true.</doc>
<arguments>
<arg>'${fetchedString}'!= '--'</arg>
<arg>Append To List</arg>
<arg>${minutes}</arg>
<arg>${fetchedString}</arg>
</arguments>
<kw name="Append To List" library="Collections">
<doc>Adds ``values`` to the end of ``list``.</doc>
<arguments>
<arg>${minutes}</arg>
<arg>${fetchedString}</arg>
</arguments>
<status status="PASS" starttime="20210216 16:05:02.438" endtime="20210216 16:05:02.438"></status>
</kw>
<status status="PASS" starttime="20210216 16:05:02.437" endtime="20210216 16:05:02.439"></status>
</kw>
<status status="PASS" starttime="20210216 16:05:02.412" endtime="20210216 16:05:02.439"></status>
</kw>
<kw name="${i} = 42" type="foritem">
<kw name="Get Text" library="Selenium2Library">
<doc>Returns the text value of the element identified by ``locator``.</doc>
<arguments>
<arg>xpath=(${xpath})[${i}]</arg>
</arguments>
<assign>
<var>${minute}</var>
</assign>
<msg timestamp="20210216 16:05:02.463" level="INFO">${minute} = 55 - 65 min.</msg>
<status status="PASS" starttime="20210216 16:05:02.439" endtime="20210216 16:05:02.463"></status>
</kw>
<kw name="Fetch From Left" library="String">
<doc>Returns contents of the ``string`` before the first occurrence of ``marker``.</doc>
<arguments>
<arg>${minute}</arg>
<arg>${space}-</arg>
</arguments>
<assign>
<var>${fetchedString}</var>
</assign>
<msg timestamp="20210216 16:05:02.464" level="INFO">${fetchedString} = 55</msg>
<status status="PASS" starttime="20210216 16:05:02.464" endtime="20210216 16:05:02.464"></status>
</kw>
<kw name="Run Keyword If" library="BuiltIn">
<doc>Runs the given keyword with the given arguments, if ``condition`` is true.</doc>
<arguments>
<arg>'${fetchedString}'!= '--'</arg>
<arg>Append To List</arg>
<arg>${minutes}</arg>
<arg>${fetchedString}</arg>
</arguments>
<kw name="Append To List" library="Collections">
<doc>Adds ``values`` to the end of ``list``.</doc>
<arguments>
<arg>${minutes}</arg>
<arg>${fetchedString}</arg>
</arguments>
<status status="PASS" starttime="20210216 16:05:02.465" endtime="20210216 16:05:02.465"></status>
</kw>
<status status="PASS" starttime="20210216 16:05:02.464" endtime="20210216 16:05:02.465"></status>
</kw>
<status status="PASS" starttime="20210216 16:05:02.439" endtime="20210216 16:05:02.465"></status>
</kw>
<kw name="${i} = 43" type="foritem">
<kw name="Get Text" library="Selenium2Library">
<doc>Returns the text value of the element identified by ``locator``.</doc>
<arguments>
<arg>xpath=(${xpath})[${i}]</arg>
</arguments>
<assign>
<var>${minute}</var>
</assign>
<msg timestamp="20210216 16:05:02.490" level="INFO">${minute} = 55 - 65 min.</msg>
<status status="PASS" starttime="20210216 16:05:02.466" endtime="20210216 16:05:02.490"></status>
</kw>
<kw name="Fetch From Left" library="String">
<doc>Returns contents of the ``string`` before the first occurrence of ``marker``.</doc>
<arguments>
<arg>${minute}</arg>
<arg>${space}-</arg>
</arguments>
<assign>
<var>${fetchedString}</var>
</assign>
<msg timestamp="20210216 16:05:02.491" level="INFO">${fetchedString} = 55</msg>
<status status="PASS" starttime="20210216 16:05:02.490" endtime="20210216 16:05:02.491"></status>
</kw>
<kw name="Run Keyword If" library="BuiltIn">
<doc>Runs the given keyword with the given arguments, if ``condition`` is true.</doc>
<arguments>
<arg>'${fetchedString}'!= '--'</arg>
<arg>Append To List</arg>
<arg>${minutes}</arg>
<arg>${fetchedString}</arg>
</arguments>
<kw name="Append To List" library="Collections">
<doc>Adds ``values`` to the end of ``list``.</doc>
<arguments>
<arg>${minutes}</arg>
<arg>${fetchedString}</arg>
</arguments>
<status status="PASS" starttime="20210216 16:05:02.491" endtime="20210216 16:05:02.492"></status>
</kw>
<status status="PASS" starttime="20210216 16:05:02.491" endtime="20210216 16:05:02.492"></status>
</kw>
<status status="PASS" starttime="20210216 16:05:02.465" endtime="20210216 16:05:02.492"></status>
</kw>
<kw name="${i} = 44" type="foritem">
<kw name="Get Text" library="Selenium2Library">
<doc>Returns the text value of the element identified by ``locator``.</doc>
<arguments>
<arg>xpath=(${xpath})[${i}]</arg>
</arguments>
<assign>
<var>${minute}</var>
</assign>
<msg timestamp="20210216 16:05:02.516" level="INFO">${minute} = 55 - 65 min.</msg>
<status status="PASS" starttime="20210216 16:05:02.492" endtime="20210216 16:05:02.516"></status>
</kw>
<kw name="Fetch From Left" library="String">
<doc>Returns contents of the ``string`` before the first occurrence of ``marker``.</doc>
<arguments>
<arg>${minute}</arg>
<arg>${space}-</arg>
</arguments>
<assign>
<var>${fetchedString}</var>
</assign>
<msg timestamp="20210216 16:05:02.517" level="INFO">${fetchedString} = 55</msg>
<status status="PASS" starttime="20210216 16:05:02.516" endtime="20210216 16:05:02.517"></status>
</kw>
<kw name="Run Keyword If" library="BuiltIn">
<doc>Runs the given keyword with the given arguments, if ``condition`` is true.</doc>
<arguments>
<arg>'${fetchedString}'!= '--'</arg>
<arg>Append To List</arg>
<arg>${minutes}</arg>
<arg>${fetchedString}</arg>
</arguments>
<kw name="Append To List" library="Collections">
<doc>Adds ``values`` to the end of ``list``.</doc>
<arguments>
<arg>${minutes}</arg>
<arg>${fetchedString}</arg>
</arguments>
<status status="PASS" starttime="20210216 16:05:02.517" endtime="20210216 16:05:02.518"></status>
</kw>
<status status="PASS" starttime="20210216 16:05:02.517" endtime="20210216 16:05:02.518"></status>
</kw>
<status status="PASS" starttime="20210216 16:05:02.492" endtime="20210216 16:05:02.518"></status>
</kw>
<kw name="${i} = 45" type="foritem">
<kw name="Get Text" library="Selenium2Library">
<doc>Returns the text value of the element identified by ``locator``.</doc>
<arguments>
<arg>xpath=(${xpath})[${i}]</arg>
</arguments>
<assign>
<var>${minute}</var>
</assign>
<msg timestamp="20210216 16:05:02.555" level="INFO">${minute} = 55 - 65 min.</msg>
<status status="PASS" starttime="20210216 16:05:02.519" endtime="20210216 16:05:02.555"></status>
</kw>
<kw name="Fetch From Left" library="String">
<doc>Returns contents of the ``string`` before the first occurrence of ``marker``.</doc>
<arguments>
<arg>${minute}</arg>
<arg>${space}-</arg>
</arguments>
<assign>
<var>${fetchedString}</var>
</assign>
<msg timestamp="20210216 16:05:02.556" level="INFO">${fetchedString} = 55</msg>
<status status="PASS" starttime="20210216 16:05:02.556" endtime="20210216 16:05:02.556"></status>
</kw>
<kw name="Run Keyword If" library="BuiltIn">
<doc>Runs the given keyword with the given arguments, if ``condition`` is true.</doc>
<arguments>
<arg>'${fetchedString}'!= '--'</arg>
<arg>Append To List</arg>
<arg>${minutes}</arg>
<arg>${fetchedString}</arg>
</arguments>
<kw name="Append To List" library="Collections">
<doc>Adds ``values`` to the end of ``list``.</doc>
<arguments>
<arg>${minutes}</arg>
<arg>${fetchedString}</arg>
</arguments>
<status status="PASS" starttime="20210216 16:05:02.557" endtime="20210216 16:05:02.558"></status>
</kw>
<status status="PASS" starttime="20210216 16:05:02.557" endtime="20210216 16:05:02.558"></status>
</kw>
<status status="PASS" starttime="20210216 16:05:02.518" endtime="20210216 16:05:02.558"></status>
</kw>
<kw name="${i} = 46" type="foritem">
<kw name="Get Text" library="Selenium2Library">
<doc>Returns the text value of the element identified by ``locator``.</doc>
<arguments>
<arg>xpath=(${xpath})[${i}]</arg>
</arguments>
<assign>
<var>${minute}</var>
</assign>
<msg timestamp="20210216 16:05:02.584" level="INFO">${minute} = 55 - 65 min.</msg>
<status status="PASS" starttime="20210216 16:05:02.559" endtime="20210216 16:05:02.584"></status>
</kw>
<kw name="Fetch From Left" library="String">
<doc>Returns contents of the ``string`` before the first occurrence of ``marker``.</doc>
<arguments>
<arg>${minute}</arg>
<arg>${space}-</arg>
</arguments>
<assign>
<var>${fetchedString}</var>
</assign>
<msg timestamp="20210216 16:05:02.584" level="INFO">${fetchedString} = 55</msg>
<status status="PASS" starttime="20210216 16:05:02.584" endtime="20210216 16:05:02.584"></status>
</kw>
<kw name="Run Keyword If" library="BuiltIn">
<doc>Runs the given keyword with the given arguments, if ``condition`` is true.</doc>
<arguments>
[...]
</arguments>
<status status="PASS" starttime="20210216 16:05:09.332" endtime="20210216 16:05:09.332"></status>
</kw>
<status status="PASS" starttime="20210216 16:05:09.307" endtime="20210216 16:05:09.332"></status>
</kw>
<kw name="${i} = 44" type="foritem">
<kw name="Get Text" library="Selenium2Library">
<doc>Returns the text value of the element identified by ``locator``.</doc>
<arguments>
<arg>xpath=(${xpath})[${i}]</arg>
</arguments>
<assign>
<var>${free_delivery}</var>
</assign>
<msg timestamp="20210216 16:05:09.357" level="INFO">${free_delivery} = od 0,00 €</msg>
<status status="PASS" starttime="20210216 16:05:09.332" endtime="20210216 16:05:09.357"></status>
</kw>
<kw name="Run Keyword If" library="BuiltIn">
<doc>Runs the given keyword with the given arguments, if ``condition`` is true.</doc>
<arguments>
<arg>'${free_delivery}' != '0,00 €' and '${free_delivery}' != 'od 0,00 €'</arg>
<arg>Fatal Error</arg>
<arg>Delivery price shoul be 0,00 € and is =&gt; ${free_delivery}</arg>
</arguments>
<status status="PASS" starttime="20210216 16:05:09.357" endtime="20210216 16:05:09.358"></status>
</kw>
<status status="PASS" starttime="20210216 16:05:09.332" endtime="20210216 16:05:09.358"></status>
</kw>
<kw name="${i} = 45" type="foritem">
<kw name="Get Text" library="Selenium2Library">
<doc>Returns the text value of the element identified by ``locator``.</doc>
<arguments>
<arg>xpath=(${xpath})[${i}]</arg>
</arguments>
<assign>
<var>${free_delivery}</var>
</assign>
<msg timestamp="20210216 16:05:09.415" level="INFO">${free_delivery} = od 0,00 €</msg>
<status status="PASS" starttime="20210216 16:05:09.359" endtime="20210216 16:05:09.415"></status>
</kw>
<kw name="Run Keyword If" library="BuiltIn">
<doc>Runs the given keyword with the given arguments, if ``condition`` is true.</doc>
<arguments>
<arg>'${free_delivery}' != '0,00 €' and '${free_delivery}' != 'od 0,00 €'</arg>
<arg>Fatal Error</arg>
<arg>Delivery price shoul be 0,00 € and is =&gt; ${free_delivery}</arg>
</arguments>
<status status="PASS" starttime="20210216 16:05:09.415" endtime="20210216 16:05:09.416"></status>
</kw>
<status status="PASS" starttime="20210216 16:05:09.359" endtime="20210216 16:05:09.416"></status>
</kw>
<kw name="${i} = 46" type="foritem">
<kw name="Get Text" library="Selenium2Library">
<doc>Returns the text value of the element identified by ``locator``.</doc>
<arguments>
<arg>xpath=(${xpath})[${i}]</arg>
</arguments>
<assign>
<var>${free_delivery}</var>
</assign>
<msg timestamp="20210216 16:05:09.441" level="INFO">${free_delivery} = od 0,00 €</msg>
<status status="PASS" starttime="20210216 16:05:09.416" endtime="20210216 16:05:09.441"></status>
</kw>
<kw name="Run Keyword If" library="BuiltIn">
<doc>Runs the given keyword with the given arguments, if ``condition`` is true.</doc>
<arguments>
<arg>'${free_delivery}' != '0,00 €' and '${free_delivery}' != 'od 0,00 €'</arg>
<arg>Fatal Error</arg>
<arg>Delivery price shoul be 0,00 € and is =&gt; ${free_delivery}</arg>
</arguments>
<status status="PASS" starttime="20210216 16:05:09.441" endtime="20210216 16:05:09.442"></status>
</kw>
<status status="PASS" starttime="20210216 16:05:09.416" endtime="20210216 16:05:09.442"></status>
</kw>
<kw name="${i} = 47" type="foritem">
<kw name="Get Text" library="Selenium2Library">
<doc>Returns the text value of the element identified by ``locator``.</doc>
<arguments>
<arg>xpath=(${xpath})[${i}]</arg>
</arguments>
<assign>
<var>${free_delivery}</var>
</assign>
<msg timestamp="20210216 16:05:09.467" level="INFO">${free_delivery} = od 0,00 €</msg>
<status status="PASS" starttime="20210216 16:05:09.442" endtime="20210216 16:05:09.467"></status>
</kw>
<kw name="Run Keyword If" library="BuiltIn">
<doc>Runs the given keyword with the given arguments, if ``condition`` is true.</doc>
<arguments>
<arg>'${free_delivery}' != '0,00 €' and '${free_delivery}' != 'od 0,00 €'</arg>
<arg>Fatal Error</arg>
<arg>Delivery price shoul be 0,00 € and is =&gt; ${free_delivery}</arg>
</arguments>
<status status="PASS" starttime="20210216 16:05:09.467" endtime="20210216 16:05:09.467"></status>
</kw>
<status status="PASS" starttime="20210216 16:05:09.442" endtime="20210216 16:05:09.468"></status>
</kw>
<kw name="${i} = 48" type="foritem">
<kw name="Get Text" library="Selenium2Library">
<doc>Returns the text value of the element identified by ``locator``.</doc>
<arguments>
<arg>xpath=(${xpath})[${i}]</arg>
</arguments>
<assign>
<var>${free_delivery}</var>
</assign>
<msg timestamp="20210216 16:05:09.492" level="INFO">${free_delivery} = od 0,00 €</msg>
<status status="PASS" starttime="20210216 16:05:09.468" endtime="20210216 16:05:09.492"></status>
</kw>
<kw name="Run Keyword If" library="BuiltIn">
<doc>Runs the given keyword with the given arguments, if ``condition`` is true.</doc>
<arguments>
<arg>'${free_delivery}' != '0,00 €' and '${free_delivery}' != 'od 0,00 €'</arg>
<arg>Fatal Error</arg>
<arg>Delivery price shoul be 0,00 € and is =&gt; ${free_delivery}</arg>
</arguments>
<status status="PASS" starttime="20210216 16:05:09.492" endtime="20210216 16:05:09.493"></status>
</kw>
<status status="PASS" starttime="20210216 16:05:09.468" endtime="20210216 16:05:09.493"></status>
</kw>
<kw name="${i} = 49" type="foritem">
<kw name="Get Text" library="Selenium2Library">
<doc>Returns the text value of the element identified by ``locator``.</doc>
<arguments>
<arg>xpath=(${xpath})[${i}]</arg>
</arguments>
<assign>
<var>${free_delivery}</var>
</assign>
<msg timestamp="20210216 16:05:09.561" level="INFO">${free_delivery} = od 0,00 €</msg>
<status status="PASS" starttime="20210216 16:05:09.493" endtime="20210216 16:05:09.561"></status>
</kw>
<kw name="Run Keyword If" library="BuiltIn">
<doc>Runs the given keyword with the given arguments, if ``condition`` is true.</doc>
<arguments>
<arg>'${free_delivery}' != '0,00 €' and '${free_delivery}' != 'od 0,00 €'</arg>
<arg>Fatal Error</arg>
<arg>Delivery price shoul be 0,00 € and is =&gt; ${free_delivery}</arg>
</arguments>
<status status="PASS" starttime="20210216 16:05:09.562" endtime="20210216 16:05:09.562"></status>
</kw>
<status status="PASS" starttime="20210216 16:05:09.493" endtime="20210216 16:05:09.562"></status>
</kw>
<kw name="${i} = 50" type="foritem">
<kw name="Get Text" library="Selenium2Library">
<doc>Returns the text value of the element identified by ``locator``.</doc>
<arguments>
<arg>xpath=(${xpath})[${i}]</arg>
</arguments>
<assign>
<var>${free_delivery}</var>
</assign>
<msg timestamp="20210216 16:05:09.593" level="INFO">${free_delivery} = od 0,00 €</msg>
<status status="PASS" starttime="20210216 16:05:09.563" endtime="20210216 16:05:09.593"></status>
</kw>
<kw name="Run Keyword If" library="BuiltIn">
<doc>Runs the given keyword with the given arguments, if ``condition`` is true.</doc>
<arguments>
<arg>'${free_delivery}' != '0,00 €' and '${free_delivery}' != 'od 0,00 €'</arg>
<arg>Fatal Error</arg>
<arg>Delivery price shoul be 0,00 € and is =&gt; ${free_delivery}</arg>
</arguments>
<status status="PASS" starttime="20210216 16:05:09.593" endtime="20210216 16:05:09.594"></status>
</kw>
<status status="PASS" starttime="20210216 16:05:09.562" endtime="20210216 16:05:09.594"></status>
</kw>
<kw name="${i} = 51" type="foritem">
<kw name="Get Text" library="Selenium2Library">
<doc>Returns the text value of the element identified by ``locator``.</doc>
<arguments>
<arg>xpath=(${xpath})[${i}]</arg>
</arguments>
<assign>
<var>${free_delivery}</var>
</assign>
<msg timestamp="20210216 16:05:09.623" level="INFO">${free_delivery} = od 0,00 €</msg>
<status status="PASS" starttime="20210216 16:05:09.594" endtime="20210216 16:05:09.623"></status>
</kw>
<kw name="Run Keyword If" library="BuiltIn">
<doc>Runs the given keyword with the given arguments, if ``condition`` is true.</doc>
<arguments>
<arg>'${free_delivery}' != '0,00 €' and '${free_delivery}' != 'od 0,00 €'</arg>
<arg>Fatal Error</arg>
<arg>Delivery price shoul be 0,00 € and is =&gt; ${free_delivery}</arg>
</arguments>
<status status="PASS" starttime="20210216 16:05:09.623" endtime="20210216 16:05:09.624"></status>
</kw>
<status status="PASS" starttime="20210216 16:05:09.594" endtime="20210216 16:05:09.624"></status>
</kw>
<kw name="${i} = 52" type="foritem">
<kw name="Get Text" library="Selenium2Library">
<doc>Returns the text value of the element identified by ``locator``.</doc>
<arguments>
<arg>xpath=(${xpath})[${i}]</arg>
</arguments>
<assign>
<var>${free_delivery}</var>
</assign>
<msg timestamp="20210216 16:05:09.649" level="INFO">${free_delivery} = od 0,00 €</msg>
<status status="PASS" starttime="20210216 16:05:09.624" endtime="20210216 16:05:09.649"></status>
</kw>
<kw name="Run Keyword If" library="BuiltIn">
<doc>Runs the given keyword with the given arguments, if ``condition`` is true.</doc>
<arguments>
<arg>'${free_delivery}' != '0,00 €' and '${free_delivery}' != 'od 0,00 €'</arg>
<arg>Fatal Error</arg>
<arg>Delivery price shoul be 0,00 € and is =&gt; ${free_delivery}</arg>
</arguments>
<status status="PASS" starttime="20210216 16:05:09.650" endtime="20210216 16:05:09.650"></status>
</kw>
<status status="PASS" starttime="20210216 16:05:09.624" endtime="20210216 16:05:09.650"></status>
</kw>
<kw name="${i} = 53" type="foritem">
<kw name="Get Text" library="Selenium2Library">
<doc>Returns the text value of the element identified by ``locator``.</doc>
<arguments>
<arg>xpath=(${xpath})[${i}]</arg>
</arguments>
<assign>
<var>${free_delivery}</var>
</assign>
<msg timestamp="20210216 16:05:09.676" level="INFO">${free_delivery} = od 0,00 €</msg>
<status status="PASS" starttime="20210216 16:05:09.650" endtime="20210216 16:05:09.676"></status>
</kw>
<kw name="Run Keyword If" library="BuiltIn">
<doc>Runs the given keyword with the given arguments, if ``condition`` is true.</doc>
<arguments>
<arg>'${free_delivery}' != '0,00 €' and '${free_delivery}' != 'od 0,00 €'</arg>
<arg>Fatal Error</arg>
<arg>Delivery price shoul be 0,00 € and is =&gt; ${free_delivery}</arg>
</arguments>
<status status="PASS" starttime="20210216 16:05:09.676" endtime="20210216 16:05:09.677"></status>
</kw>
<status status="PASS" starttime="20210216 16:05:09.650" endtime="20210216 16:05:09.677"></status>
</kw>
<kw name="${i} = 54" type="foritem">
<kw name="Get Text" library="Selenium2Library">
<doc>Returns the text value of the element identified by ``locator``.</doc>
<arguments>
<arg>xpath=(${xpath})[${i}]</arg>
</arguments>
<assign>
<var>${free_delivery}</var>
</assign>
<msg timestamp="20210216 16:05:09.706" level="INFO">${free_delivery} = od 0,00 €</msg>
<status status="PASS" starttime="20210216 16:05:09.677" endtime="20210216 16:05:09.706"></status>
</kw>
<kw name="Run Keyword If" library="BuiltIn">
<doc>Runs the given keyword with the given arguments, if ``condition`` is true.</doc>
<arguments>
<arg>'${free_delivery}' != '0,00 €' and '${free_delivery}' != 'od 0,00 €'</arg>
<arg>Fatal Error</arg>
<arg>Delivery price shoul be 0,00 € and is =&gt; ${free_delivery}</arg>
</arguments>
<status status="PASS" starttime="20210216 16:05:09.706" endtime="20210216 16:05:09.706"></status>
</kw>
<status status="PASS" starttime="20210216 16:05:09.677" endtime="20210216 16:05:09.707"></status>
</kw>
<kw name="${i} = 55" type="foritem">
<kw name="Get Text" library="Selenium2Library">
<doc>Returns the text value of the element identified by ``locator``.</doc>
<arguments>
<arg>xpath=(${xpath})[${i}]</arg>
</arguments>
<assign>
<var>${free_delivery}</var>
</assign>
<msg timestamp="20210216 16:05:09.732" level="INFO">${free_delivery} = od 0,00 €</msg>
<status status="PASS" starttime="20210216 16:05:09.707" endtime="20210216 16:05:09.732"></status>
</kw>
<kw name="Run Keyword If" library="BuiltIn">
<doc>Runs the given keyword with the given arguments, if ``condition`` is true.</doc>
<arguments>
<arg>'${free_delivery}' != '0,00 €' and '${free_delivery}' != 'od 0,00 €'</arg>
<arg>Fatal Error</arg>
<arg>Delivery price shoul be 0,00 € and is =&gt; ${free_delivery}</arg>
</arguments>
<status status="PASS" starttime="20210216 16:05:09.732" endtime="20210216 16:05:09.733"></status>
</kw>
<status status="PASS" starttime="20210216 16:05:09.707" endtime="20210216 16:05:09.733"></status>
</kw>
<kw name="${i} = 56" type="foritem">
<kw name="Get Text" library="Selenium2Library">
<doc>Returns the text value of the element identified by ``locator``.</doc>
<arguments>
<arg>xpath=(${xpath})[${i}]</arg>
</arguments>
<assign>
<var>${free_delivery}</var>
</assign>
<msg timestamp="20210216 16:05:09.760" level="INFO">${free_delivery} = od 0,00 €</msg>
<status status="PASS" starttime="20210216 16:05:09.733" endtime="20210216 16:05:09.760"></status>
</kw>
<kw name="Run Keyword If" library="BuiltIn">
<doc>Runs the given keyword with the given arguments, if ``condition`` is true.</doc>
<arguments>
<arg>'${free_delivery}' != '0,00 €' and '${free_delivery}' != 'od 0,00 €'</arg>
<arg>Fatal Error</arg>
<arg>Delivery price shoul be 0,00 € and is =&gt; ${free_delivery}</arg>
</arguments>
<status status="PASS" starttime="20210216 16:05:09.760" endtime="20210216 16:05:09.760"></status>
</kw>
<status status="PASS" starttime="20210216 16:05:09.733" endtime="20210216 16:05:09.760"></status>
</kw>
<kw name="${i} = 57" type="foritem">
<kw name="Get Text" library="Selenium2Library">
<doc>Returns the text value of the element identified by ``locator``.</doc>
<arguments>
<arg>xpath=(${xpath})[${i}]</arg>
</arguments>
<assign>
<var>${free_delivery}</var>
</assign>
<msg timestamp="20210216 16:05:09.786" level="INFO">${free_delivery} = od 0,00 €</msg>
<status status="PASS" starttime="20210216 16:05:09.761" endtime="20210216 16:05:09.786"></status>
</kw>
<kw name="Run Keyword If" library="BuiltIn">
<doc>Runs the given keyword with the given arguments, if ``condition`` is true.</doc>
<arguments>
<arg>'${free_delivery}' != '0,00 €' and '${free_delivery}' != 'od 0,00 €'</arg>
<arg>Fatal Error</arg>
<arg>Delivery price shoul be 0,00 € and is =&gt; ${free_delivery}</arg>
</arguments>
<status status="PASS" starttime="20210216 16:05:09.786" endtime="20210216 16:05:09.787"></status>
</kw>
<status status="PASS" starttime="20210216 16:05:09.760" endtime="20210216 16:05:09.787"></status>
</kw>
<kw name="${i} = 58" type="foritem">
<kw name="Get Text" library="Selenium2Library">
<doc>Returns the text value of the element identified by ``locator``.</doc>
<arguments>
<arg>xpath=(${xpath})[${i}]</arg>
</arguments>
<assign>
<var>${free_delivery}</var>
</assign>
<msg timestamp="20210216 16:05:09.812" level="INFO">${free_delivery} = od 0,00 €</msg>
<status status="PASS" starttime="20210216 16:05:09.787" endtime="20210216 16:05:09.812"></status>
</kw>
<kw name="Run Keyword If" library="BuiltIn">
<doc>Runs the given keyword with the given arguments, if ``condition`` is true.</doc>
<arguments>
<arg>'${free_delivery}' != '0,00 €' and '${free_delivery}' != 'od 0,00 €'</arg>
<arg>Fatal Error</arg>
<arg>Delivery price shoul be 0,00 € and is =&gt; ${free_delivery}</arg>
</arguments>
<status status="PASS" starttime="20210216 16:05:09.812" endtime="20210216 16:05:09.813"></status>
</kw>
<status status="PASS" starttime="20210216 16:05:09.787" endtime="20210216 16:05:09.813"></status>
</kw>
<kw name="${i} = 59" type="foritem">
<kw name="Get Text" library="Selenium2Library">
<doc>Returns the text value of the element identified by ``locator``.</doc>
<arguments>
<arg>xpath=(${xpath})[${i}]</arg>
</arguments>
<assign>
<var>${free_delivery}</var>
</assign>
<msg timestamp="20210216 16:05:09.839" level="INFO">${free_delivery} = od 0,00 €</msg>
<status status="PASS" starttime="20210216 16:05:09.813" endtime="20210216 16:05:09.839"></status>
</kw>
<kw name="Run Keyword If" library="BuiltIn">
<doc>Runs the given keyword with the given arguments, if ``condition`` is true.</doc>
<arguments>
<arg>'${free_delivery}' != '0,00 €' and '${free_delivery}' != 'od 0,00 €'</arg>
<arg>Fatal Error</arg>
<arg>Delivery price shoul be 0,00 € and is =&gt; ${free_delivery}</arg>
</arguments>
<status status="PASS" starttime="20210216 16:05:09.840" endtime="20210216 16:05:09.840"></status>
</kw>
<status status="PASS" starttime="20210216 16:05:09.813" endtime="20210216 16:05:09.840"></status>
</kw>
<kw name="${i} = 60" type="foritem">
<kw name="Get Text" library="Selenium2Library">
<doc>Returns the text value of the element identified by ``locator``.</doc>
<arguments>
<arg>xpath=(${xpath})[${i}]</arg>
</arguments>
<assign>
<var>${free_delivery}</var>
</assign>
<msg timestamp="20210216 16:05:09.866" level="INFO">${free_delivery} = od 0,00 €</msg>
<status status="PASS" starttime="20210216 16:05:09.840" endtime="20210216 16:05:09.866"></status>
</kw>
<kw name="Run Keyword If" library="BuiltIn">
<doc>Runs the given keyword with the given arguments, if ``condition`` is true.</doc>
<arguments>
<arg>'${free_delivery}' != '0,00 €' and '${free_delivery}' != 'od 0,00 €'</arg>
<arg>Fatal Error</arg>
<arg>Delivery price shoul be 0,00 € and is =&gt; ${free_delivery}</arg>
</arguments>
<status status="PASS" starttime="20210216 16:05:09.867" endtime="20210216 16:05:09.867"></status>
</kw>
<status status="PASS" starttime="20210216 16:05:09.840" endtime="20210216 16:05:09.867"></status>
</kw>
<kw name="${i} = 61" type="foritem">
<kw name="Get Text" library="Selenium2Library">
<doc>Returns the text value of the element identified by ``locator``.</doc>
<arguments>
<arg>xpath=(${xpath})[${i}]</arg>
</arguments>
<assign>
<var>${free_delivery}</var>
</assign>
<msg timestamp="20210216 16:05:09.894" level="INFO">${free_delivery} = od 0,00 €</msg>
<status status="PASS" starttime="20210216 16:05:09.867" endtime="20210216 16:05:09.894"></status>
</kw>
<kw name="Run Keyword If" library="BuiltIn">
<doc>Runs the given keyword with the given arguments, if ``condition`` is true.</doc>
<arguments>
<arg>'${free_delivery}' != '0,00 €' and '${free_delivery}' != 'od 0,00 €'</arg>
<arg>Fatal Error</arg>
<arg>Delivery price shoul be 0,00 € and is =&gt; ${free_delivery}</arg>
</arguments>
<status status="PASS" starttime="20210216 16:05:09.894" endtime="20210216 16:05:09.895"></status>
</kw>
<status status="PASS" starttime="20210216 16:05:09.867" endtime="20210216 16:05:09.895"></status>
</kw>
<kw name="${i} = 62" type="foritem">
<kw name="Get Text" library="Selenium2Library">
<doc>Returns the text value of the element identified by ``locator``.</doc>
<arguments>
<arg>xpath=(${xpath})[${i}]</arg>
</arguments>
<assign>
<var>${free_delivery}</var>
</assign>
<msg timestamp="20210216 16:05:09.922" level="INFO">${free_delivery} = od 0,00 €</msg>
<status status="PASS" starttime="20210216 16:05:09.895" endtime="20210216 16:05:09.922"></status>
</kw>
<kw name="Run Keyword If" library="BuiltIn">
<doc>Runs the given keyword with the given arguments, if ``condition`` is true.</doc>
<arguments>
<arg>'${free_delivery}' != '0,00 €' and '${free_delivery}' != 'od 0,00 €'</arg>
<arg>Fatal Error</arg>
<arg>Delivery price shoul be 0,00 € and is =&gt; ${free_delivery}</arg>
</arguments>
<status status="PASS" starttime="20210216 16:05:09.923" endtime="20210216 16:05:09.923"></status>
</kw>
<status status="PASS" starttime="20210216 16:05:09.895" endtime="20210216 16:05:09.923"></status>
</kw>
<status status="PASS" starttime="20210216 16:05:08.107" endtime="20210216 16:05:09.923"></status>
</kw>
<kw name="Close All Browsers" library="Selenium2Library">
<doc>Closes all open browsers and resets the browser cache.</doc>
<status status="PASS" starttime="20210216 16:05:09.923" endtime="20210216 16:05:10.350"></status>
</kw>
<status status="PASS" starttime="20210216 16:05:05.175" endtime="20210216 16:05:10.350" critical="yes"></status>
</test>
<status status="PASS" starttime="20210216 16:04:47.491" endtime="20210216 16:05:10.352"></status>
</suite>
<statistics>
<total>
<stat pass="2" fail="0">Critical Tests</stat>
<stat pass="2" fail="0">All Tests</stat>
</total>
<tag>
</tag>
<suite>
<stat pass="2" fail="0" id="s1" name="RestaurantDetail">RestaurantDetail</stat>
</suite>
</statistics>
<errors>
</errors>
</robot>
